[main][2023/03/16 10:30:08907] Logging initialized using 'class org.apache.ibatis.logging.log4j.Log4jImpl' adapter. [Logging initialized using 'class org.apache.ibatis.logging.log4j.Log4jImpl' adapter.] LogFactory.java  org.apache.ibatis.logging.LogFactory.setImplementation(LogFactory.java:109) 
[main][2023/03/16 10:30:14101] Creating a new SqlSession [Creating a new SqlSession] Logger.java  org.mybatis.logging.Logger.debug(Logger.java:49) 
[main][2023/03/16 10:30:14104] Registering transaction synchronization for SqlSession [org.apache.ibatis.session.defaults.DefaultSqlSession@6650813a] [Registering transaction synchronization for SqlSession [org.apache.ibatis.session.defaults.DefaultSqlSession@6650813a]] Logger.java  org.mybatis.logging.Logger.debug(Logger.java:49) 
[main][2023/03/16 10:30:14108] JDBC Connection [com.mysql.cj.jdbc.ConnectionImpl@58cd06cb] will be managed by Spring [JDBC Connection [com.mysql.cj.jdbc.ConnectionImpl@58cd06cb] will be managed by Spring] Logger.java  org.mybatis.logging.Logger.debug(Logger.java:49) 
[main][2023/03/16 10:30:14113] ==>  Preparing: select * from MyBatis.user [==>  Preparing: select * from MyBatis.user] BaseJdbcLogger.java  org.apache.ibatis.logging.jdbc.BaseJdbcLogger.debug(BaseJdbcLogger.java:135) 
[main][2023/03/16 10:30:14132] ==> Parameters:  [==> Parameters: ] BaseJdbcLogger.java  org.apache.ibatis.logging.jdbc.BaseJdbcLogger.debug(BaseJdbcLogger.java:135) 
[main][2023/03/16 10:30:14185] <==      Total: 100 [<==      Total: 100] BaseJdbcLogger.java  org.apache.ibatis.logging.jdbc.BaseJdbcLogger.debug(BaseJdbcLogger.java:135) 
[main][2023/03/16 10:30:14187] Releasing transactional SqlSession [org.apache.ibatis.session.defaults.DefaultSqlSession@6650813a] [Releasing transactional SqlSession [org.apache.ibatis.session.defaults.DefaultSqlSession@6650813a]] Logger.java  org.mybatis.logging.Logger.debug(Logger.java:49) 
[main][2023/03/16 10:30:14187] Transaction synchronization committing SqlSession [org.apache.ibatis.session.defaults.DefaultSqlSession@6650813a] [Transaction synchronization committing SqlSession [org.apache.ibatis.session.defaults.DefaultSqlSession@6650813a]] Logger.java  org.mybatis.logging.Logger.debug(Logger.java:49) 
[main][2023/03/16 10:30:14188] Transaction synchronization deregistering SqlSession [org.apache.ibatis.session.defaults.DefaultSqlSession@6650813a] [Transaction synchronization deregistering SqlSession [org.apache.ibatis.session.defaults.DefaultSqlSession@6650813a]] Logger.java  org.mybatis.logging.Logger.debug(Logger.java:49) 
[main][2023/03/16 10:30:14188] Transaction synchronization closing SqlSession [org.apache.ibatis.session.defaults.DefaultSqlSession@6650813a] [Transaction synchronization closing SqlSession [org.apache.ibatis.session.defaults.DefaultSqlSession@6650813a]] Logger.java  org.mybatis.logging.Logger.debug(Logger.java:49) 
[main][2023/03/16 10:32:01133] Logging initialized using 'class org.apache.ibatis.logging.log4j.Log4jImpl' adapter. [Logging initialized using 'class org.apache.ibatis.logging.log4j.Log4jImpl' adapter.] LogFactory.java  org.apache.ibatis.logging.LogFactory.setImplementation(LogFactory.java:109) 
[main][2023/03/16 10:32:01339] Creating a new SqlSession [Creating a new SqlSession] Logger.java  org.mybatis.logging.Logger.debug(Logger.java:49) 
[main][2023/03/16 10:32:01341] Registering transaction synchronization for SqlSession [org.apache.ibatis.session.defaults.DefaultSqlSession@6105f8a3] [Registering transaction synchronization for SqlSession [org.apache.ibatis.session.defaults.DefaultSqlSession@6105f8a3]] Logger.java  org.mybatis.logging.Logger.debug(Logger.java:49) 
[main][2023/03/16 10:32:01345] JDBC Connection [com.mysql.cj.jdbc.ConnectionImpl@e362c57] will be managed by Spring [JDBC Connection [com.mysql.cj.jdbc.ConnectionImpl@e362c57] will be managed by Spring] Logger.java  org.mybatis.logging.Logger.debug(Logger.java:49) 
[main][2023/03/16 10:32:01349] ==>  Preparing: insert into MyBatis.user(User_id, User_name, User_password, Dep_id, Creation_time, Updated_by, Update_time) values (?,?,?,?,?,?,?) [==>  Preparing: insert into MyBatis.user(User_id, User_name, User_password, Dep_id, Creation_time, Updated_by, Update_time) values (?,?,?,?,?,?,?)] BaseJdbcLogger.java  org.apache.ibatis.logging.jdbc.BaseJdbcLogger.debug(BaseJdbcLogger.java:135) 
[main][2023/03/16 10:32:01368] ==> Parameters: 1001(Integer), 周先生(String), 123(String), 0(Integer), 2023-03-16 10:32:01.232(Timestamp), null, null [==> Parameters: 1001(Integer), 周先生(String), 123(String), 0(Integer), 2023-03-16 10:32:01.232(Timestamp), null, null] BaseJdbcLogger.java  org.apache.ibatis.logging.jdbc.BaseJdbcLogger.debug(BaseJdbcLogger.java:135) 
[main][2023/03/16 10:32:01377] <==    Updates: 1 [<==    Updates: 1] BaseJdbcLogger.java  org.apache.ibatis.logging.jdbc.BaseJdbcLogger.debug(BaseJdbcLogger.java:135) 
[main][2023/03/16 10:32:01377] Releasing transactional SqlSession [org.apache.ibatis.session.defaults.DefaultSqlSession@6105f8a3] [Releasing transactional SqlSession [org.apache.ibatis.session.defaults.DefaultSqlSession@6105f8a3]] Logger.java  org.mybatis.logging.Logger.debug(Logger.java:49) 
[main][2023/03/16 10:32:01378] Transaction synchronization committing SqlSession [org.apache.ibatis.session.defaults.DefaultSqlSession@6105f8a3] [Transaction synchronization committing SqlSession [org.apache.ibatis.session.defaults.DefaultSqlSession@6105f8a3]] Logger.java  org.mybatis.logging.Logger.debug(Logger.java:49) 
[main][2023/03/16 10:32:01378] Transaction synchronization deregistering SqlSession [org.apache.ibatis.session.defaults.DefaultSqlSession@6105f8a3] [Transaction synchronization deregistering SqlSession [org.apache.ibatis.session.defaults.DefaultSqlSession@6105f8a3]] Logger.java  org.mybatis.logging.Logger.debug(Logger.java:49) 
[main][2023/03/16 10:32:01379] Transaction synchronization closing SqlSession [org.apache.ibatis.session.defaults.DefaultSqlSession@6105f8a3] [Transaction synchronization closing SqlSession [org.apache.ibatis.session.defaults.DefaultSqlSession@6105f8a3]] Logger.java  org.mybatis.logging.Logger.debug(Logger.java:49) 
[main][2023/03/16 10:32:01394] Creating a new SqlSession [Creating a new SqlSession] Logger.java  org.mybatis.logging.Logger.debug(Logger.java:49) 
[main][2023/03/16 10:32:01395] Registering transaction synchronization for SqlSession [org.apache.ibatis.session.defaults.DefaultSqlSession@cd7f1ae] [Registering transaction synchronization for SqlSession [org.apache.ibatis.session.defaults.DefaultSqlSession@cd7f1ae]] Logger.java  org.mybatis.logging.Logger.debug(Logger.java:49) 
[main][2023/03/16 10:32:01395] JDBC Connection [com.mysql.cj.jdbc.ConnectionImpl@673bb956] will be managed by Spring [JDBC Connection [com.mysql.cj.jdbc.ConnectionImpl@673bb956] will be managed by Spring] Logger.java  org.mybatis.logging.Logger.debug(Logger.java:49) 
[main][2023/03/16 10:32:01395] ==>  Preparing: delete from MyBatis.user where User_id=? [==>  Preparing: delete from MyBatis.user where User_id=?] BaseJdbcLogger.java  org.apache.ibatis.logging.jdbc.BaseJdbcLogger.debug(BaseJdbcLogger.java:135) 
[main][2023/03/16 10:32:01395] ==> Parameters: 1001(Integer) [==> Parameters: 1001(Integer)] BaseJdbcLogger.java  org.apache.ibatis.logging.jdbc.BaseJdbcLogger.debug(BaseJdbcLogger.java:135) 
[main][2023/03/16 10:32:01397] <==    Updates: 1 [<==    Updates: 1] BaseJdbcLogger.java  org.apache.ibatis.logging.jdbc.BaseJdbcLogger.debug(BaseJdbcLogger.java:135) 
[main][2023/03/16 10:32:01397] Releasing transactional SqlSession [org.apache.ibatis.session.defaults.DefaultSqlSession@cd7f1ae] [Releasing transactional SqlSession [org.apache.ibatis.session.defaults.DefaultSqlSession@cd7f1ae]] Logger.java  org.mybatis.logging.Logger.debug(Logger.java:49) 
[main][2023/03/16 10:32:01397] Transaction synchronization committing SqlSession [org.apache.ibatis.session.defaults.DefaultSqlSession@cd7f1ae] [Transaction synchronization committing SqlSession [org.apache.ibatis.session.defaults.DefaultSqlSession@cd7f1ae]] Logger.java  org.mybatis.logging.Logger.debug(Logger.java:49) 
[main][2023/03/16 10:32:01398] Transaction synchronization deregistering SqlSession [org.apache.ibatis.session.defaults.DefaultSqlSession@cd7f1ae] [Transaction synchronization deregistering SqlSession [org.apache.ibatis.session.defaults.DefaultSqlSession@cd7f1ae]] Logger.java  org.mybatis.logging.Logger.debug(Logger.java:49) 
[main][2023/03/16 10:32:01398] Transaction synchronization closing SqlSession [org.apache.ibatis.session.defaults.DefaultSqlSession@cd7f1ae] [Transaction synchronization closing SqlSession [org.apache.ibatis.session.defaults.DefaultSqlSession@cd7f1ae]] Logger.java  org.mybatis.logging.Logger.debug(Logger.java:49) 
[main][2023/03/16 10:33:01614] Logging initialized using 'class org.apache.ibatis.logging.log4j.Log4jImpl' adapter. [Logging initialized using 'class org.apache.ibatis.logging.log4j.Log4jImpl' adapter.] LogFactory.java  org.apache.ibatis.logging.LogFactory.setImplementation(LogFactory.java:109) 
[main][2023/03/16 10:33:01824] Creating a new SqlSession [Creating a new SqlSession] Logger.java  org.mybatis.logging.Logger.debug(Logger.java:49) 
[main][2023/03/16 10:33:01827] Registering transaction synchronization for SqlSession [org.apache.ibatis.session.defaults.DefaultSqlSession@6105f8a3] [Registering transaction synchronization for SqlSession [org.apache.ibatis.session.defaults.DefaultSqlSession@6105f8a3]] Logger.java  org.mybatis.logging.Logger.debug(Logger.java:49) 
[main][2023/03/16 10:33:01830] JDBC Connection [com.mysql.cj.jdbc.ConnectionImpl@e362c57] will be managed by Spring [JDBC Connection [com.mysql.cj.jdbc.ConnectionImpl@e362c57] will be managed by Spring] Logger.java  org.mybatis.logging.Logger.debug(Logger.java:49) 
[main][2023/03/16 10:33:01835] ==>  Preparing: insert into MyBatis.user(User_id, User_name, User_password, Dep_id, Creation_time, Updated_by, Update_time) values (?,?,?,?,?,?,?) [==>  Preparing: insert into MyBatis.user(User_id, User_name, User_password, Dep_id, Creation_time, Updated_by, Update_time) values (?,?,?,?,?,?,?)] BaseJdbcLogger.java  org.apache.ibatis.logging.jdbc.BaseJdbcLogger.debug(BaseJdbcLogger.java:135) 
[main][2023/03/16 10:33:01855] ==> Parameters: 1001(Integer), 周先生(String), 123(String), 2(Integer), 2023-03-16 10:33:01.714(Timestamp), null, null [==> Parameters: 1001(Integer), 周先生(String), 123(String), 2(Integer), 2023-03-16 10:33:01.714(Timestamp), null, null] BaseJdbcLogger.java  org.apache.ibatis.logging.jdbc.BaseJdbcLogger.debug(BaseJdbcLogger.java:135) 
[main][2023/03/16 10:33:01862] <==    Updates: 1 [<==    Updates: 1] BaseJdbcLogger.java  org.apache.ibatis.logging.jdbc.BaseJdbcLogger.debug(BaseJdbcLogger.java:135) 
[main][2023/03/16 10:33:01863] Releasing transactional SqlSession [org.apache.ibatis.session.defaults.DefaultSqlSession@6105f8a3] [Releasing transactional SqlSession [org.apache.ibatis.session.defaults.DefaultSqlSession@6105f8a3]] Logger.java  org.mybatis.logging.Logger.debug(Logger.java:49) 
[main][2023/03/16 10:33:01864] Transaction synchronization committing SqlSession [org.apache.ibatis.session.defaults.DefaultSqlSession@6105f8a3] [Transaction synchronization committing SqlSession [org.apache.ibatis.session.defaults.DefaultSqlSession@6105f8a3]] Logger.java  org.mybatis.logging.Logger.debug(Logger.java:49) 
[main][2023/03/16 10:33:01864] Transaction synchronization deregistering SqlSession [org.apache.ibatis.session.defaults.DefaultSqlSession@6105f8a3] [Transaction synchronization deregistering SqlSession [org.apache.ibatis.session.defaults.DefaultSqlSession@6105f8a3]] Logger.java  org.mybatis.logging.Logger.debug(Logger.java:49) 
[main][2023/03/16 10:33:01865] Transaction synchronization closing SqlSession [org.apache.ibatis.session.defaults.DefaultSqlSession@6105f8a3] [Transaction synchronization closing SqlSession [org.apache.ibatis.session.defaults.DefaultSqlSession@6105f8a3]] Logger.java  org.mybatis.logging.Logger.debug(Logger.java:49) 
[main][2023/03/16 10:33:53240] Logging initialized using 'class org.apache.ibatis.logging.log4j.Log4jImpl' adapter. [Logging initialized using 'class org.apache.ibatis.logging.log4j.Log4jImpl' adapter.] LogFactory.java  org.apache.ibatis.logging.LogFactory.setImplementation(LogFactory.java:109) 
[main][2023/03/16 10:33:53438] Creating a new SqlSession [Creating a new SqlSession] Logger.java  org.mybatis.logging.Logger.debug(Logger.java:49) 
[main][2023/03/16 10:33:53441] Registering transaction synchronization for SqlSession [org.apache.ibatis.session.defaults.DefaultSqlSession@12365c88] [Registering transaction synchronization for SqlSession [org.apache.ibatis.session.defaults.DefaultSqlSession@12365c88]] Logger.java  org.mybatis.logging.Logger.debug(Logger.java:49) 
[main][2023/03/16 10:33:53444] JDBC Connection [com.mysql.cj.jdbc.ConnectionImpl@10567255] will be managed by Spring [JDBC Connection [com.mysql.cj.jdbc.ConnectionImpl@10567255] will be managed by Spring] Logger.java  org.mybatis.logging.Logger.debug(Logger.java:49) 
[main][2023/03/16 10:33:53448] ==>  Preparing: delete. from MyBatis.user where User_id=? [==>  Preparing: delete. from MyBatis.user where User_id=?] BaseJdbcLogger.java  org.apache.ibatis.logging.jdbc.BaseJdbcLogger.debug(BaseJdbcLogger.java:135) 
[main][2023/03/16 10:33:53466] ==> Parameters: 1001(Integer) [==> Parameters: 1001(Integer)] BaseJdbcLogger.java  org.apache.ibatis.logging.jdbc.BaseJdbcLogger.debug(BaseJdbcLogger.java:135) 
[main][2023/03/16 10:33:53473] Releasing transactional SqlSession [org.apache.ibatis.session.defaults.DefaultSqlSession@12365c88] [Releasing transactional SqlSession [org.apache.ibatis.session.defaults.DefaultSqlSession@12365c88]] Logger.java  org.mybatis.logging.Logger.debug(Logger.java:49) 
[main][2023/03/16 10:33:53503] Transaction synchronization deregistering SqlSession [org.apache.ibatis.session.defaults.DefaultSqlSession@12365c88] [Transaction synchronization deregistering SqlSession [org.apache.ibatis.session.defaults.DefaultSqlSession@12365c88]] Logger.java  org.mybatis.logging.Logger.debug(Logger.java:49) 
[main][2023/03/16 10:33:53503] Transaction synchronization closing SqlSession [org.apache.ibatis.session.defaults.DefaultSqlSession@12365c88] [Transaction synchronization closing SqlSession [org.apache.ibatis.session.defaults.DefaultSqlSession@12365c88]] Logger.java  org.mybatis.logging.Logger.debug(Logger.java:49) 
[main][2023/03/16 10:33:58878] Logging initialized using 'class org.apache.ibatis.logging.log4j.Log4jImpl' adapter. [Logging initialized using 'class org.apache.ibatis.logging.log4j.Log4jImpl' adapter.] LogFactory.java  org.apache.ibatis.logging.LogFactory.setImplementation(LogFactory.java:109) 
[main][2023/03/16 10:33:5979 ] Creating a new SqlSession [Creating a new SqlSession] Logger.java  org.mybatis.logging.Logger.debug(Logger.java:49) 
[main][2023/03/16 10:33:5981 ] Registering transaction synchronization for SqlSession [org.apache.ibatis.session.defaults.DefaultSqlSession@6105f8a3] [Registering transaction synchronization for SqlSession [org.apache.ibatis.session.defaults.DefaultSqlSession@6105f8a3]] Logger.java  org.mybatis.logging.Logger.debug(Logger.java:49) 
[main][2023/03/16 10:33:5983 ] JDBC Connection [com.mysql.cj.jdbc.ConnectionImpl@e362c57] will be managed by Spring [JDBC Connection [com.mysql.cj.jdbc.ConnectionImpl@e362c57] will be managed by Spring] Logger.java  org.mybatis.logging.Logger.debug(Logger.java:49) 
[main][2023/03/16 10:33:5988 ] ==>  Preparing: insert into MyBatis.user(User_id, User_name, User_password, Dep_id, Creation_time, Updated_by, Update_time) values (?,?,?,?,?,?,?) [==>  Preparing: insert into MyBatis.user(User_id, User_name, User_password, Dep_id, Creation_time, Updated_by, Update_time) values (?,?,?,?,?,?,?)] BaseJdbcLogger.java  org.apache.ibatis.logging.jdbc.BaseJdbcLogger.debug(BaseJdbcLogger.java:135) 
[main][2023/03/16 10:33:59108] ==> Parameters: 1001(Integer), 周先生(String), 123(String), 0(Integer), 2023-03-16 10:33:58.969(Timestamp), null, null [==> Parameters: 1001(Integer), 周先生(String), 123(String), 0(Integer), 2023-03-16 10:33:58.969(Timestamp), null, null] BaseJdbcLogger.java  org.apache.ibatis.logging.jdbc.BaseJdbcLogger.debug(BaseJdbcLogger.java:135) 
[main][2023/03/16 10:33:59120] Releasing transactional SqlSession [org.apache.ibatis.session.defaults.DefaultSqlSession@6105f8a3] [Releasing transactional SqlSession [org.apache.ibatis.session.defaults.DefaultSqlSession@6105f8a3]] Logger.java  org.mybatis.logging.Logger.debug(Logger.java:49) 
[main][2023/03/16 10:33:59148] Transaction synchronization deregistering SqlSession [org.apache.ibatis.session.defaults.DefaultSqlSession@6105f8a3] [Transaction synchronization deregistering SqlSession [org.apache.ibatis.session.defaults.DefaultSqlSession@6105f8a3]] Logger.java  org.mybatis.logging.Logger.debug(Logger.java:49) 
[main][2023/03/16 10:33:59149] Transaction synchronization closing SqlSession [org.apache.ibatis.session.defaults.DefaultSqlSession@6105f8a3] [Transaction synchronization closing SqlSession [org.apache.ibatis.session.defaults.DefaultSqlSession@6105f8a3]] Logger.java  org.mybatis.logging.Logger.debug(Logger.java:49) 
[main][2023/03/16 10:34:18439] Logging initialized using 'class org.apache.ibatis.logging.log4j.Log4jImpl' adapter. [Logging initialized using 'class org.apache.ibatis.logging.log4j.Log4jImpl' adapter.] LogFactory.java  org.apache.ibatis.logging.LogFactory.setImplementation(LogFactory.java:109) 
[main][2023/03/16 10:34:18643] Creating a new SqlSession [Creating a new SqlSession] Logger.java  org.mybatis.logging.Logger.debug(Logger.java:49) 
[main][2023/03/16 10:34:18645] Registering transaction synchronization for SqlSession [org.apache.ibatis.session.defaults.DefaultSqlSession@6105f8a3] [Registering transaction synchronization for SqlSession [org.apache.ibatis.session.defaults.DefaultSqlSession@6105f8a3]] Logger.java  org.mybatis.logging.Logger.debug(Logger.java:49) 
[main][2023/03/16 10:34:18648] JDBC Connection [com.mysql.cj.jdbc.ConnectionImpl@e362c57] will be managed by Spring [JDBC Connection [com.mysql.cj.jdbc.ConnectionImpl@e362c57] will be managed by Spring] Logger.java  org.mybatis.logging.Logger.debug(Logger.java:49) 
[main][2023/03/16 10:34:18653] ==>  Preparing: insert into MyBatis.user(User_id, User_name, User_password, Dep_id, Creation_time, Updated_by, Update_time) values (?,?,?,?,?,?,?) [==>  Preparing: insert into MyBatis.user(User_id, User_name, User_password, Dep_id, Creation_time, Updated_by, Update_time) values (?,?,?,?,?,?,?)] BaseJdbcLogger.java  org.apache.ibatis.logging.jdbc.BaseJdbcLogger.debug(BaseJdbcLogger.java:135) 
[main][2023/03/16 10:34:18671] ==> Parameters: 1001(Integer), 周先生(String), 123(String), 2(Integer), 2023-03-16 10:34:18.535(Timestamp), null, null [==> Parameters: 1001(Integer), 周先生(String), 123(String), 2(Integer), 2023-03-16 10:34:18.535(Timestamp), null, null] BaseJdbcLogger.java  org.apache.ibatis.logging.jdbc.BaseJdbcLogger.debug(BaseJdbcLogger.java:135) 
[main][2023/03/16 10:34:18678] <==    Updates: 1 [<==    Updates: 1] BaseJdbcLogger.java  org.apache.ibatis.logging.jdbc.BaseJdbcLogger.debug(BaseJdbcLogger.java:135) 
[main][2023/03/16 10:34:18679] Releasing transactional SqlSession [org.apache.ibatis.session.defaults.DefaultSqlSession@6105f8a3] [Releasing transactional SqlSession [org.apache.ibatis.session.defaults.DefaultSqlSession@6105f8a3]] Logger.java  org.mybatis.logging.Logger.debug(Logger.java:49) 
[main][2023/03/16 10:34:18679] Transaction synchronization committing SqlSession [org.apache.ibatis.session.defaults.DefaultSqlSession@6105f8a3] [Transaction synchronization committing SqlSession [org.apache.ibatis.session.defaults.DefaultSqlSession@6105f8a3]] Logger.java  org.mybatis.logging.Logger.debug(Logger.java:49) 
[main][2023/03/16 10:34:18679] Transaction synchronization deregistering SqlSession [org.apache.ibatis.session.defaults.DefaultSqlSession@6105f8a3] [Transaction synchronization deregistering SqlSession [org.apache.ibatis.session.defaults.DefaultSqlSession@6105f8a3]] Logger.java  org.mybatis.logging.Logger.debug(Logger.java:49) 
[main][2023/03/16 10:34:18680] Transaction synchronization closing SqlSession [org.apache.ibatis.session.defaults.DefaultSqlSession@6105f8a3] [Transaction synchronization closing SqlSession [org.apache.ibatis.session.defaults.DefaultSqlSession@6105f8a3]] Logger.java  org.mybatis.logging.Logger.debug(Logger.java:49) 
[main][2023/03/16 10:34:18690] Creating a new SqlSession [Creating a new SqlSession] Logger.java  org.mybatis.logging.Logger.debug(Logger.java:49) 
[main][2023/03/16 10:34:18690] Registering transaction synchronization for SqlSession [org.apache.ibatis.session.defaults.DefaultSqlSession@cd7f1ae] [Registering transaction synchronization for SqlSession [org.apache.ibatis.session.defaults.DefaultSqlSession@cd7f1ae]] Logger.java  org.mybatis.logging.Logger.debug(Logger.java:49) 
[main][2023/03/16 10:34:18690] JDBC Connection [com.mysql.cj.jdbc.ConnectionImpl@673bb956] will be managed by Spring [JDBC Connection [com.mysql.cj.jdbc.ConnectionImpl@673bb956] will be managed by Spring] Logger.java  org.mybatis.logging.Logger.debug(Logger.java:49) 
[main][2023/03/16 10:34:18690] ==>  Preparing: delete. from MyBatis.user where User_id=? [==>  Preparing: delete. from MyBatis.user where User_id=?] BaseJdbcLogger.java  org.apache.ibatis.logging.jdbc.BaseJdbcLogger.debug(BaseJdbcLogger.java:135) 
[main][2023/03/16 10:34:18691] ==> Parameters: 1001(Integer) [==> Parameters: 1001(Integer)] BaseJdbcLogger.java  org.apache.ibatis.logging.jdbc.BaseJdbcLogger.debug(BaseJdbcLogger.java:135) 
[main][2023/03/16 10:34:18697] Releasing transactional SqlSession [org.apache.ibatis.session.defaults.DefaultSqlSession@cd7f1ae] [Releasing transactional SqlSession [org.apache.ibatis.session.defaults.DefaultSqlSession@cd7f1ae]] Logger.java  org.mybatis.logging.Logger.debug(Logger.java:49) 
[main][2023/03/16 10:34:18723] Transaction synchronization deregistering SqlSession [org.apache.ibatis.session.defaults.DefaultSqlSession@cd7f1ae] [Transaction synchronization deregistering SqlSession [org.apache.ibatis.session.defaults.DefaultSqlSession@cd7f1ae]] Logger.java  org.mybatis.logging.Logger.debug(Logger.java:49) 
[main][2023/03/16 10:34:18723] Transaction synchronization closing SqlSession [org.apache.ibatis.session.defaults.DefaultSqlSession@cd7f1ae] [Transaction synchronization closing SqlSession [org.apache.ibatis.session.defaults.DefaultSqlSession@cd7f1ae]] Logger.java  org.mybatis.logging.Logger.debug(Logger.java:49) 
[main][2023/03/16 10:34:3270 ] Logging initialized using 'class org.apache.ibatis.logging.log4j.Log4jImpl' adapter. [Logging initialized using 'class org.apache.ibatis.logging.log4j.Log4jImpl' adapter.] LogFactory.java  org.apache.ibatis.logging.LogFactory.setImplementation(LogFactory.java:109) 
[main][2023/03/16 10:34:32276] Creating a new SqlSession [Creating a new SqlSession] Logger.java  org.mybatis.logging.Logger.debug(Logger.java:49) 
[main][2023/03/16 10:34:32279] Registering transaction synchronization for SqlSession [org.apache.ibatis.session.defaults.DefaultSqlSession@6105f8a3] [Registering transaction synchronization for SqlSession [org.apache.ibatis.session.defaults.DefaultSqlSession@6105f8a3]] Logger.java  org.mybatis.logging.Logger.debug(Logger.java:49) 
[main][2023/03/16 10:34:32282] JDBC Connection [com.mysql.cj.jdbc.ConnectionImpl@e362c57] will be managed by Spring [JDBC Connection [com.mysql.cj.jdbc.ConnectionImpl@e362c57] will be managed by Spring] Logger.java  org.mybatis.logging.Logger.debug(Logger.java:49) 
[main][2023/03/16 10:34:32287] ==>  Preparing: insert into MyBatis.user(User_id, User_name, User_password, Dep_id, Creation_time, Updated_by, Update_time) values (?,?,?,?,?,?,?) [==>  Preparing: insert into MyBatis.user(User_id, User_name, User_password, Dep_id, Creation_time, Updated_by, Update_time) values (?,?,?,?,?,?,?)] BaseJdbcLogger.java  org.apache.ibatis.logging.jdbc.BaseJdbcLogger.debug(BaseJdbcLogger.java:135) 
[main][2023/03/16 10:34:32308] ==> Parameters: 1001(Integer), 周先生(String), 123(String), 1(Integer), 2023-03-16 10:34:32.16(Timestamp), null, null [==> Parameters: 1001(Integer), 周先生(String), 123(String), 1(Integer), 2023-03-16 10:34:32.16(Timestamp), null, null] BaseJdbcLogger.java  org.apache.ibatis.logging.jdbc.BaseJdbcLogger.debug(BaseJdbcLogger.java:135) 
[main][2023/03/16 10:34:32314] <==    Updates: 1 [<==    Updates: 1] BaseJdbcLogger.java  org.apache.ibatis.logging.jdbc.BaseJdbcLogger.debug(BaseJdbcLogger.java:135) 
[main][2023/03/16 10:34:32315] Releasing transactional SqlSession [org.apache.ibatis.session.defaults.DefaultSqlSession@6105f8a3] [Releasing transactional SqlSession [org.apache.ibatis.session.defaults.DefaultSqlSession@6105f8a3]] Logger.java  org.mybatis.logging.Logger.debug(Logger.java:49) 
[main][2023/03/16 10:34:32315] Transaction synchronization committing SqlSession [org.apache.ibatis.session.defaults.DefaultSqlSession@6105f8a3] [Transaction synchronization committing SqlSession [org.apache.ibatis.session.defaults.DefaultSqlSession@6105f8a3]] Logger.java  org.mybatis.logging.Logger.debug(Logger.java:49) 
[main][2023/03/16 10:34:32316] Transaction synchronization deregistering SqlSession [org.apache.ibatis.session.defaults.DefaultSqlSession@6105f8a3] [Transaction synchronization deregistering SqlSession [org.apache.ibatis.session.defaults.DefaultSqlSession@6105f8a3]] Logger.java  org.mybatis.logging.Logger.debug(Logger.java:49) 
[main][2023/03/16 10:34:32316] Transaction synchronization closing SqlSession [org.apache.ibatis.session.defaults.DefaultSqlSession@6105f8a3] [Transaction synchronization closing SqlSession [org.apache.ibatis.session.defaults.DefaultSqlSession@6105f8a3]] Logger.java  org.mybatis.logging.Logger.debug(Logger.java:49) 
[main][2023/03/16 10:34:32332] Creating a new SqlSession [Creating a new SqlSession] Logger.java  org.mybatis.logging.Logger.debug(Logger.java:49) 
[main][2023/03/16 10:34:32332] Registering transaction synchronization for SqlSession [org.apache.ibatis.session.defaults.DefaultSqlSession@cd7f1ae] [Registering transaction synchronization for SqlSession [org.apache.ibatis.session.defaults.DefaultSqlSession@cd7f1ae]] Logger.java  org.mybatis.logging.Logger.debug(Logger.java:49) 
[main][2023/03/16 10:34:32333] JDBC Connection [com.mysql.cj.jdbc.ConnectionImpl@673bb956] will be managed by Spring [JDBC Connection [com.mysql.cj.jdbc.ConnectionImpl@673bb956] will be managed by Spring] Logger.java  org.mybatis.logging.Logger.debug(Logger.java:49) 
[main][2023/03/16 10:34:32333] ==>  Preparing: delete. from MyBatis.user where User_id=? [==>  Preparing: delete. from MyBatis.user where User_id=?] BaseJdbcLogger.java  org.apache.ibatis.logging.jdbc.BaseJdbcLogger.debug(BaseJdbcLogger.java:135) 
[main][2023/03/16 10:34:32333] ==> Parameters: 1001(Integer) [==> Parameters: 1001(Integer)] BaseJdbcLogger.java  org.apache.ibatis.logging.jdbc.BaseJdbcLogger.debug(BaseJdbcLogger.java:135) 
[main][2023/03/16 10:34:32340] Releasing transactional SqlSession [org.apache.ibatis.session.defaults.DefaultSqlSession@cd7f1ae] [Releasing transactional SqlSession [org.apache.ibatis.session.defaults.DefaultSqlSession@cd7f1ae]] Logger.java  org.mybatis.logging.Logger.debug(Logger.java:49) 
[main][2023/03/16 10:34:32367] Transaction synchronization deregistering SqlSession [org.apache.ibatis.session.defaults.DefaultSqlSession@cd7f1ae] [Transaction synchronization deregistering SqlSession [org.apache.ibatis.session.defaults.DefaultSqlSession@cd7f1ae]] Logger.java  org.mybatis.logging.Logger.debug(Logger.java:49) 
[main][2023/03/16 10:34:32367] Transaction synchronization closing SqlSession [org.apache.ibatis.session.defaults.DefaultSqlSession@cd7f1ae] [Transaction synchronization closing SqlSession [org.apache.ibatis.session.defaults.DefaultSqlSession@cd7f1ae]] Logger.java  org.mybatis.logging.Logger.debug(Logger.java:49) 
[main][2023/03/16 10:36:54651] Logging initialized using 'class org.apache.ibatis.logging.log4j.Log4jImpl' adapter. [Logging initialized using 'class org.apache.ibatis.logging.log4j.Log4jImpl' adapter.] LogFactory.java  org.apache.ibatis.logging.LogFactory.setImplementation(LogFactory.java:109) 
[main][2023/03/16 10:36:54854] Creating a new SqlSession [Creating a new SqlSession] Logger.java  org.mybatis.logging.Logger.debug(Logger.java:49) 
[main][2023/03/16 10:36:54856] Registering transaction synchronization for SqlSession [org.apache.ibatis.session.defaults.DefaultSqlSession@6105f8a3] [Registering transaction synchronization for SqlSession [org.apache.ibatis.session.defaults.DefaultSqlSession@6105f8a3]] Logger.java  org.mybatis.logging.Logger.debug(Logger.java:49) 
[main][2023/03/16 10:36:54859] JDBC Connection [com.mysql.cj.jdbc.ConnectionImpl@e362c57] will be managed by Spring [JDBC Connection [com.mysql.cj.jdbc.ConnectionImpl@e362c57] will be managed by Spring] Logger.java  org.mybatis.logging.Logger.debug(Logger.java:49) 
[main][2023/03/16 10:36:54864] ==>  Preparing: insert into MyBatis.user(User_id, User_name, User_password, Dep_id, Creation_time, Updated_by, Update_time) values (?,?,?,?,?,?,?) [==>  Preparing: insert into MyBatis.user(User_id, User_name, User_password, Dep_id, Creation_time, Updated_by, Update_time) values (?,?,?,?,?,?,?)] BaseJdbcLogger.java  org.apache.ibatis.logging.jdbc.BaseJdbcLogger.debug(BaseJdbcLogger.java:135) 
[main][2023/03/16 10:36:54884] ==> Parameters: 1001(Integer), 周先生(String), 123(String), 0(Integer), 2023-03-16 10:36:54.747(Timestamp), null, null [==> Parameters: 1001(Integer), 周先生(String), 123(String), 0(Integer), 2023-03-16 10:36:54.747(Timestamp), null, null] BaseJdbcLogger.java  org.apache.ibatis.logging.jdbc.BaseJdbcLogger.debug(BaseJdbcLogger.java:135) 
[main][2023/03/16 10:36:54898] Releasing transactional SqlSession [org.apache.ibatis.session.defaults.DefaultSqlSession@6105f8a3] [Releasing transactional SqlSession [org.apache.ibatis.session.defaults.DefaultSqlSession@6105f8a3]] Logger.java  org.mybatis.logging.Logger.debug(Logger.java:49) 
[main][2023/03/16 10:36:54928] Transaction synchronization deregistering SqlSession [org.apache.ibatis.session.defaults.DefaultSqlSession@6105f8a3] [Transaction synchronization deregistering SqlSession [org.apache.ibatis.session.defaults.DefaultSqlSession@6105f8a3]] Logger.java  org.mybatis.logging.Logger.debug(Logger.java:49) 
[main][2023/03/16 10:36:54929] Transaction synchronization closing SqlSession [org.apache.ibatis.session.defaults.DefaultSqlSession@6105f8a3] [Transaction synchronization closing SqlSession [org.apache.ibatis.session.defaults.DefaultSqlSession@6105f8a3]] Logger.java  org.mybatis.logging.Logger.debug(Logger.java:49) 
[main][2023/03/16 10:37:0427 ] Logging initialized using 'class org.apache.ibatis.logging.log4j.Log4jImpl' adapter. [Logging initialized using 'class org.apache.ibatis.logging.log4j.Log4jImpl' adapter.] LogFactory.java  org.apache.ibatis.logging.LogFactory.setImplementation(LogFactory.java:109) 
[main][2023/03/16 10:37:04219] Creating a new SqlSession [Creating a new SqlSession] Logger.java  org.mybatis.logging.Logger.debug(Logger.java:49) 
[main][2023/03/16 10:37:04222] Registering transaction synchronization for SqlSession [org.apache.ibatis.session.defaults.DefaultSqlSession@6105f8a3] [Registering transaction synchronization for SqlSession [org.apache.ibatis.session.defaults.DefaultSqlSession@6105f8a3]] Logger.java  org.mybatis.logging.Logger.debug(Logger.java:49) 
[main][2023/03/16 10:37:04225] JDBC Connection [com.mysql.cj.jdbc.ConnectionImpl@e362c57] will be managed by Spring [JDBC Connection [com.mysql.cj.jdbc.ConnectionImpl@e362c57] will be managed by Spring] Logger.java  org.mybatis.logging.Logger.debug(Logger.java:49) 
[main][2023/03/16 10:37:04229] ==>  Preparing: insert into MyBatis.user(User_id, User_name, User_password, Dep_id, Creation_time, Updated_by, Update_time) values (?,?,?,?,?,?,?) [==>  Preparing: insert into MyBatis.user(User_id, User_name, User_password, Dep_id, Creation_time, Updated_by, Update_time) values (?,?,?,?,?,?,?)] BaseJdbcLogger.java  org.apache.ibatis.logging.jdbc.BaseJdbcLogger.debug(BaseJdbcLogger.java:135) 
[main][2023/03/16 10:37:04249] ==> Parameters: 1001(Integer), 周先生(String), 123(String), 0(Integer), 2023-03-16 10:37:04.116(Timestamp), null, null [==> Parameters: 1001(Integer), 周先生(String), 123(String), 0(Integer), 2023-03-16 10:37:04.116(Timestamp), null, null] BaseJdbcLogger.java  org.apache.ibatis.logging.jdbc.BaseJdbcLogger.debug(BaseJdbcLogger.java:135) 
[main][2023/03/16 10:37:04255] <==    Updates: 1 [<==    Updates: 1] BaseJdbcLogger.java  org.apache.ibatis.logging.jdbc.BaseJdbcLogger.debug(BaseJdbcLogger.java:135) 
[main][2023/03/16 10:37:04256] Releasing transactional SqlSession [org.apache.ibatis.session.defaults.DefaultSqlSession@6105f8a3] [Releasing transactional SqlSession [org.apache.ibatis.session.defaults.DefaultSqlSession@6105f8a3]] Logger.java  org.mybatis.logging.Logger.debug(Logger.java:49) 
[main][2023/03/16 10:37:04257] Transaction synchronization committing SqlSession [org.apache.ibatis.session.defaults.DefaultSqlSession@6105f8a3] [Transaction synchronization committing SqlSession [org.apache.ibatis.session.defaults.DefaultSqlSession@6105f8a3]] Logger.java  org.mybatis.logging.Logger.debug(Logger.java:49) 
[main][2023/03/16 10:37:04257] Transaction synchronization deregistering SqlSession [org.apache.ibatis.session.defaults.DefaultSqlSession@6105f8a3] [Transaction synchronization deregistering SqlSession [org.apache.ibatis.session.defaults.DefaultSqlSession@6105f8a3]] Logger.java  org.mybatis.logging.Logger.debug(Logger.java:49) 
[main][2023/03/16 10:37:04257] Transaction synchronization closing SqlSession [org.apache.ibatis.session.defaults.DefaultSqlSession@6105f8a3] [Transaction synchronization closing SqlSession [org.apache.ibatis.session.defaults.DefaultSqlSession@6105f8a3]] Logger.java  org.mybatis.logging.Logger.debug(Logger.java:49) 
[main][2023/03/16 10:37:04274] Creating a new SqlSession [Creating a new SqlSession] Logger.java  org.mybatis.logging.Logger.debug(Logger.java:49) 
[main][2023/03/16 10:37:04275] Registering transaction synchronization for SqlSession [org.apache.ibatis.session.defaults.DefaultSqlSession@cd7f1ae] [Registering transaction synchronization for SqlSession [org.apache.ibatis.session.defaults.DefaultSqlSession@cd7f1ae]] Logger.java  org.mybatis.logging.Logger.debug(Logger.java:49) 
[main][2023/03/16 10:37:04275] JDBC Connection [com.mysql.cj.jdbc.ConnectionImpl@673bb956] will be managed by Spring [JDBC Connection [com.mysql.cj.jdbc.ConnectionImpl@673bb956] will be managed by Spring] Logger.java  org.mybatis.logging.Logger.debug(Logger.java:49) 
[main][2023/03/16 10:37:04275] ==>  Preparing: delete. from MyBatis.user where User_id=? [==>  Preparing: delete. from MyBatis.user where User_id=?] BaseJdbcLogger.java  org.apache.ibatis.logging.jdbc.BaseJdbcLogger.debug(BaseJdbcLogger.java:135) 
[main][2023/03/16 10:37:04275] ==> Parameters: 1001(Integer) [==> Parameters: 1001(Integer)] BaseJdbcLogger.java  org.apache.ibatis.logging.jdbc.BaseJdbcLogger.debug(BaseJdbcLogger.java:135) 
[main][2023/03/16 10:37:04282] Releasing transactional SqlSession [org.apache.ibatis.session.defaults.DefaultSqlSession@cd7f1ae] [Releasing transactional SqlSession [org.apache.ibatis.session.defaults.DefaultSqlSession@cd7f1ae]] Logger.java  org.mybatis.logging.Logger.debug(Logger.java:49) 
[main][2023/03/16 10:37:04309] Transaction synchronization deregistering SqlSession [org.apache.ibatis.session.defaults.DefaultSqlSession@cd7f1ae] [Transaction synchronization deregistering SqlSession [org.apache.ibatis.session.defaults.DefaultSqlSession@cd7f1ae]] Logger.java  org.mybatis.logging.Logger.debug(Logger.java:49) 
[main][2023/03/16 10:37:04309] Transaction synchronization closing SqlSession [org.apache.ibatis.session.defaults.DefaultSqlSession@cd7f1ae] [Transaction synchronization closing SqlSession [org.apache.ibatis.session.defaults.DefaultSqlSession@cd7f1ae]] Logger.java  org.mybatis.logging.Logger.debug(Logger.java:49) 
[main][2023/03/16 10:41:36832] Logging initialized using 'class org.apache.ibatis.logging.log4j.Log4jImpl' adapter. [Logging initialized using 'class org.apache.ibatis.logging.log4j.Log4jImpl' adapter.] LogFactory.java  org.apache.ibatis.logging.LogFactory.setImplementation(LogFactory.java:109) 
[main][2023/03/16 10:41:3731 ] Creating a new SqlSession [Creating a new SqlSession] Logger.java  org.mybatis.logging.Logger.debug(Logger.java:49) 
[main][2023/03/16 10:41:3733 ] Registering transaction synchronization for SqlSession [org.apache.ibatis.session.defaults.DefaultSqlSession@6650813a] [Registering transaction synchronization for SqlSession [org.apache.ibatis.session.defaults.DefaultSqlSession@6650813a]] Logger.java  org.mybatis.logging.Logger.debug(Logger.java:49) 
[main][2023/03/16 10:41:3737 ] JDBC Connection [com.mysql.cj.jdbc.ConnectionImpl@58cd06cb] will be managed by Spring [JDBC Connection [com.mysql.cj.jdbc.ConnectionImpl@58cd06cb] will be managed by Spring] Logger.java  org.mybatis.logging.Logger.debug(Logger.java:49) 
[main][2023/03/16 10:41:3742 ] ==>  Preparing: select * from MyBatis.user [==>  Preparing: select * from MyBatis.user] BaseJdbcLogger.java  org.apache.ibatis.logging.jdbc.BaseJdbcLogger.debug(BaseJdbcLogger.java:135) 
[main][2023/03/16 10:41:3758 ] ==> Parameters:  [==> Parameters: ] BaseJdbcLogger.java  org.apache.ibatis.logging.jdbc.BaseJdbcLogger.debug(BaseJdbcLogger.java:135) 
[main][2023/03/16 10:41:3785 ] <==      Total: 100 [<==      Total: 100] BaseJdbcLogger.java  org.apache.ibatis.logging.jdbc.BaseJdbcLogger.debug(BaseJdbcLogger.java:135) 
[main][2023/03/16 10:41:3787 ] Releasing transactional SqlSession [org.apache.ibatis.session.defaults.DefaultSqlSession@6650813a] [Releasing transactional SqlSession [org.apache.ibatis.session.defaults.DefaultSqlSession@6650813a]] Logger.java  org.mybatis.logging.Logger.debug(Logger.java:49) 
[main][2023/03/16 10:41:3788 ] Transaction synchronization committing SqlSession [org.apache.ibatis.session.defaults.DefaultSqlSession@6650813a] [Transaction synchronization committing SqlSession [org.apache.ibatis.session.defaults.DefaultSqlSession@6650813a]] Logger.java  org.mybatis.logging.Logger.debug(Logger.java:49) 
[main][2023/03/16 10:41:3788 ] Transaction synchronization deregistering SqlSession [org.apache.ibatis.session.defaults.DefaultSqlSession@6650813a] [Transaction synchronization deregistering SqlSession [org.apache.ibatis.session.defaults.DefaultSqlSession@6650813a]] Logger.java  org.mybatis.logging.Logger.debug(Logger.java:49) 
[main][2023/03/16 10:41:3789 ] Transaction synchronization closing SqlSession [org.apache.ibatis.session.defaults.DefaultSqlSession@6650813a] [Transaction synchronization closing SqlSession [org.apache.ibatis.session.defaults.DefaultSqlSession@6650813a]] Logger.java  org.mybatis.logging.Logger.debug(Logger.java:49) 
[main][2023/03/16 10:41:37133] Logging initialized using 'class org.apache.ibatis.logging.log4j.Log4jImpl' adapter. [Logging initialized using 'class org.apache.ibatis.logging.log4j.Log4jImpl' adapter.] LogFactory.java  org.apache.ibatis.logging.LogFactory.setImplementation(LogFactory.java:109) 
[main][2023/03/16 10:41:37157] Creating a new SqlSession [Creating a new SqlSession] Logger.java  org.mybatis.logging.Logger.debug(Logger.java:49) 
[main][2023/03/16 10:41:37157] Registering transaction synchronization for SqlSession [org.apache.ibatis.session.defaults.DefaultSqlSession@4f449e8f] [Registering transaction synchronization for SqlSession [org.apache.ibatis.session.defaults.DefaultSqlSession@4f449e8f]] Logger.java  org.mybatis.logging.Logger.debug(Logger.java:49) 
[main][2023/03/16 10:41:37157] JDBC Connection [com.mysql.cj.jdbc.ConnectionImpl@6dc1484] will be managed by Spring [JDBC Connection [com.mysql.cj.jdbc.ConnectionImpl@6dc1484] will be managed by Spring] Logger.java  org.mybatis.logging.Logger.debug(Logger.java:49) 
[main][2023/03/16 10:41:37158] ==>  Preparing: insert into MyBatis.user(User_id, User_name, User_password, Dep_id, Creation_time, Updated_by, Update_time) values (?,?,?,?,?,?,?) [==>  Preparing: insert into MyBatis.user(User_id, User_name, User_password, Dep_id, Creation_time, Updated_by, Update_time) values (?,?,?,?,?,?,?)] BaseJdbcLogger.java  org.apache.ibatis.logging.jdbc.BaseJdbcLogger.debug(BaseJdbcLogger.java:135) 
[main][2023/03/16 10:41:37160] ==> Parameters: 1001(Integer), 周先生(String), 123(String), 3(Integer), 2023-03-16 10:41:37.156(Timestamp), null, null [==> Parameters: 1001(Integer), 周先生(String), 123(String), 3(Integer), 2023-03-16 10:41:37.156(Timestamp), null, null] BaseJdbcLogger.java  org.apache.ibatis.logging.jdbc.BaseJdbcLogger.debug(BaseJdbcLogger.java:135) 
[main][2023/03/16 10:41:37165] <==    Updates: 1 [<==    Updates: 1] BaseJdbcLogger.java  org.apache.ibatis.logging.jdbc.BaseJdbcLogger.debug(BaseJdbcLogger.java:135) 
[main][2023/03/16 10:41:37166] Releasing transactional SqlSession [org.apache.ibatis.session.defaults.DefaultSqlSession@4f449e8f] [Releasing transactional SqlSession [org.apache.ibatis.session.defaults.DefaultSqlSession@4f449e8f]] Logger.java  org.mybatis.logging.Logger.debug(Logger.java:49) 
[main][2023/03/16 10:41:37166] Fetched SqlSession [org.apache.ibatis.session.defaults.DefaultSqlSession@4f449e8f] from current transaction [Fetched SqlSession [org.apache.ibatis.session.defaults.DefaultSqlSession@4f449e8f] from current transaction] Logger.java  org.mybatis.logging.Logger.debug(Logger.java:49) 
[main][2023/03/16 10:41:37166] ==>  Preparing: delete. from MyBatis.user where User_id=? [==>  Preparing: delete. from MyBatis.user where User_id=?] BaseJdbcLogger.java  org.apache.ibatis.logging.jdbc.BaseJdbcLogger.debug(BaseJdbcLogger.java:135) 
[main][2023/03/16 10:41:37167] ==> Parameters: 1001(Integer) [==> Parameters: 1001(Integer)] BaseJdbcLogger.java  org.apache.ibatis.logging.jdbc.BaseJdbcLogger.debug(BaseJdbcLogger.java:135) 
[main][2023/03/16 10:41:37175] Releasing transactional SqlSession [org.apache.ibatis.session.defaults.DefaultSqlSession@4f449e8f] [Releasing transactional SqlSession [org.apache.ibatis.session.defaults.DefaultSqlSession@4f449e8f]] Logger.java  org.mybatis.logging.Logger.debug(Logger.java:49) 
[main][2023/03/16 10:41:37201] Transaction synchronization deregistering SqlSession [org.apache.ibatis.session.defaults.DefaultSqlSession@4f449e8f] [Transaction synchronization deregistering SqlSession [org.apache.ibatis.session.defaults.DefaultSqlSession@4f449e8f]] Logger.java  org.mybatis.logging.Logger.debug(Logger.java:49) 
[main][2023/03/16 10:41:37201] Transaction synchronization closing SqlSession [org.apache.ibatis.session.defaults.DefaultSqlSession@4f449e8f] [Transaction synchronization closing SqlSession [org.apache.ibatis.session.defaults.DefaultSqlSession@4f449e8f]] Logger.java  org.mybatis.logging.Logger.debug(Logger.java:49) 
[main][2023/03/16 10:41:51291] Logging initialized using 'class org.apache.ibatis.logging.log4j.Log4jImpl' adapter. [Logging initialized using 'class org.apache.ibatis.logging.log4j.Log4jImpl' adapter.] LogFactory.java  org.apache.ibatis.logging.LogFactory.setImplementation(LogFactory.java:109) 
[main][2023/03/16 10:41:51496] Creating a new SqlSession [Creating a new SqlSession] Logger.java  org.mybatis.logging.Logger.debug(Logger.java:49) 
[main][2023/03/16 10:41:51498] Registering transaction synchronization for SqlSession [org.apache.ibatis.session.defaults.DefaultSqlSession@6105f8a3] [Registering transaction synchronization for SqlSession [org.apache.ibatis.session.defaults.DefaultSqlSession@6105f8a3]] Logger.java  org.mybatis.logging.Logger.debug(Logger.java:49) 
[main][2023/03/16 10:41:51501] JDBC Connection [com.mysql.cj.jdbc.ConnectionImpl@e362c57] will be managed by Spring [JDBC Connection [com.mysql.cj.jdbc.ConnectionImpl@e362c57] will be managed by Spring] Logger.java  org.mybatis.logging.Logger.debug(Logger.java:49) 
[main][2023/03/16 10:41:51506] ==>  Preparing: insert into MyBatis.user(User_id, User_name, User_password, Dep_id, Creation_time, Updated_by, Update_time) values (?,?,?,?,?,?,?) [==>  Preparing: insert into MyBatis.user(User_id, User_name, User_password, Dep_id, Creation_time, Updated_by, Update_time) values (?,?,?,?,?,?,?)] BaseJdbcLogger.java  org.apache.ibatis.logging.jdbc.BaseJdbcLogger.debug(BaseJdbcLogger.java:135) 
[main][2023/03/16 10:41:51526] ==> Parameters: 1001(Integer), 周先生(String), 123(String), 3(Integer), 2023-03-16 10:41:51.493(Timestamp), null, null [==> Parameters: 1001(Integer), 周先生(String), 123(String), 3(Integer), 2023-03-16 10:41:51.493(Timestamp), null, null] BaseJdbcLogger.java  org.apache.ibatis.logging.jdbc.BaseJdbcLogger.debug(BaseJdbcLogger.java:135) 
[main][2023/03/16 10:41:51532] <==    Updates: 1 [<==    Updates: 1] BaseJdbcLogger.java  org.apache.ibatis.logging.jdbc.BaseJdbcLogger.debug(BaseJdbcLogger.java:135) 
[main][2023/03/16 10:41:51533] Releasing transactional SqlSession [org.apache.ibatis.session.defaults.DefaultSqlSession@6105f8a3] [Releasing transactional SqlSession [org.apache.ibatis.session.defaults.DefaultSqlSession@6105f8a3]] Logger.java  org.mybatis.logging.Logger.debug(Logger.java:49) 
[main][2023/03/16 10:41:51533] Fetched SqlSession [org.apache.ibatis.session.defaults.DefaultSqlSession@6105f8a3] from current transaction [Fetched SqlSession [org.apache.ibatis.session.defaults.DefaultSqlSession@6105f8a3] from current transaction] Logger.java  org.mybatis.logging.Logger.debug(Logger.java:49) 
[main][2023/03/16 10:41:51533] ==>  Preparing: delete. from MyBatis.user where User_id=? [==>  Preparing: delete. from MyBatis.user where User_id=?] BaseJdbcLogger.java  org.apache.ibatis.logging.jdbc.BaseJdbcLogger.debug(BaseJdbcLogger.java:135) 
[main][2023/03/16 10:41:51534] ==> Parameters: 1001(Integer) [==> Parameters: 1001(Integer)] BaseJdbcLogger.java  org.apache.ibatis.logging.jdbc.BaseJdbcLogger.debug(BaseJdbcLogger.java:135) 
[main][2023/03/16 10:41:51540] Releasing transactional SqlSession [org.apache.ibatis.session.defaults.DefaultSqlSession@6105f8a3] [Releasing transactional SqlSession [org.apache.ibatis.session.defaults.DefaultSqlSession@6105f8a3]] Logger.java  org.mybatis.logging.Logger.debug(Logger.java:49) 
[main][2023/03/16 10:41:51567] Transaction synchronization deregistering SqlSession [org.apache.ibatis.session.defaults.DefaultSqlSession@6105f8a3] [Transaction synchronization deregistering SqlSession [org.apache.ibatis.session.defaults.DefaultSqlSession@6105f8a3]] Logger.java  org.mybatis.logging.Logger.debug(Logger.java:49) 
[main][2023/03/16 10:41:51568] Transaction synchronization closing SqlSession [org.apache.ibatis.session.defaults.DefaultSqlSession@6105f8a3] [Transaction synchronization closing SqlSession [org.apache.ibatis.session.defaults.DefaultSqlSession@6105f8a3]] Logger.java  org.mybatis.logging.Logger.debug(Logger.java:49) 
[main][2023/03/16 10:41:58738] Logging initialized using 'class org.apache.ibatis.logging.log4j.Log4jImpl' adapter. [Logging initialized using 'class org.apache.ibatis.logging.log4j.Log4jImpl' adapter.] LogFactory.java  org.apache.ibatis.logging.LogFactory.setImplementation(LogFactory.java:109) 
[main][2023/03/16 10:41:58938] Creating a new SqlSession [Creating a new SqlSession] Logger.java  org.mybatis.logging.Logger.debug(Logger.java:49) 
[main][2023/03/16 10:41:58940] Registering transaction synchronization for SqlSession [org.apache.ibatis.session.defaults.DefaultSqlSession@6105f8a3] [Registering transaction synchronization for SqlSession [org.apache.ibatis.session.defaults.DefaultSqlSession@6105f8a3]] Logger.java  org.mybatis.logging.Logger.debug(Logger.java:49) 
[main][2023/03/16 10:41:58943] JDBC Connection [com.mysql.cj.jdbc.ConnectionImpl@e362c57] will be managed by Spring [JDBC Connection [com.mysql.cj.jdbc.ConnectionImpl@e362c57] will be managed by Spring] Logger.java  org.mybatis.logging.Logger.debug(Logger.java:49) 
[main][2023/03/16 10:41:58948] ==>  Preparing: insert into MyBatis.user(User_id, User_name, User_password, Dep_id, Creation_time, Updated_by, Update_time) values (?,?,?,?,?,?,?) [==>  Preparing: insert into MyBatis.user(User_id, User_name, User_password, Dep_id, Creation_time, Updated_by, Update_time) values (?,?,?,?,?,?,?)] BaseJdbcLogger.java  org.apache.ibatis.logging.jdbc.BaseJdbcLogger.debug(BaseJdbcLogger.java:135) 
[main][2023/03/16 10:41:58968] ==> Parameters: 1001(Integer), 周先生(String), 123(String), 3(Integer), 2023-03-16 10:41:58.935(Timestamp), null, null [==> Parameters: 1001(Integer), 周先生(String), 123(String), 3(Integer), 2023-03-16 10:41:58.935(Timestamp), null, null] BaseJdbcLogger.java  org.apache.ibatis.logging.jdbc.BaseJdbcLogger.debug(BaseJdbcLogger.java:135) 
[main][2023/03/16 10:41:58974] <==    Updates: 1 [<==    Updates: 1] BaseJdbcLogger.java  org.apache.ibatis.logging.jdbc.BaseJdbcLogger.debug(BaseJdbcLogger.java:135) 
[main][2023/03/16 10:41:58975] Releasing transactional SqlSession [org.apache.ibatis.session.defaults.DefaultSqlSession@6105f8a3] [Releasing transactional SqlSession [org.apache.ibatis.session.defaults.DefaultSqlSession@6105f8a3]] Logger.java  org.mybatis.logging.Logger.debug(Logger.java:49) 
[main][2023/03/16 10:41:58975] Fetched SqlSession [org.apache.ibatis.session.defaults.DefaultSqlSession@6105f8a3] from current transaction [Fetched SqlSession [org.apache.ibatis.session.defaults.DefaultSqlSession@6105f8a3] from current transaction] Logger.java  org.mybatis.logging.Logger.debug(Logger.java:49) 
[main][2023/03/16 10:41:58975] ==>  Preparing: delete. from MyBatis.user where User_id=? [==>  Preparing: delete. from MyBatis.user where User_id=?] BaseJdbcLogger.java  org.apache.ibatis.logging.jdbc.BaseJdbcLogger.debug(BaseJdbcLogger.java:135) 
[main][2023/03/16 10:41:58975] ==> Parameters: 1001(Integer) [==> Parameters: 1001(Integer)] BaseJdbcLogger.java  org.apache.ibatis.logging.jdbc.BaseJdbcLogger.debug(BaseJdbcLogger.java:135) 
[main][2023/03/16 10:41:58982] Releasing transactional SqlSession [org.apache.ibatis.session.defaults.DefaultSqlSession@6105f8a3] [Releasing transactional SqlSession [org.apache.ibatis.session.defaults.DefaultSqlSession@6105f8a3]] Logger.java  org.mybatis.logging.Logger.debug(Logger.java:49) 
[main][2023/03/16 10:41:5915 ] Transaction synchronization deregistering SqlSession [org.apache.ibatis.session.defaults.DefaultSqlSession@6105f8a3] [Transaction synchronization deregistering SqlSession [org.apache.ibatis.session.defaults.DefaultSqlSession@6105f8a3]] Logger.java  org.mybatis.logging.Logger.debug(Logger.java:49) 
[main][2023/03/16 10:41:5915 ] Transaction synchronization closing SqlSession [org.apache.ibatis.session.defaults.DefaultSqlSession@6105f8a3] [Transaction synchronization closing SqlSession [org.apache.ibatis.session.defaults.DefaultSqlSession@6105f8a3]] Logger.java  org.mybatis.logging.Logger.debug(Logger.java:49) 
[main][2023/03/16 10:42:2512 ] Logging initialized using 'class org.apache.ibatis.logging.log4j.Log4jImpl' adapter. [Logging initialized using 'class org.apache.ibatis.logging.log4j.Log4jImpl' adapter.] LogFactory.java  org.apache.ibatis.logging.LogFactory.setImplementation(LogFactory.java:109) 
[main][2023/03/16 10:42:25212] Creating a new SqlSession [Creating a new SqlSession] Logger.java  org.mybatis.logging.Logger.debug(Logger.java:49) 
[main][2023/03/16 10:42:25215] Registering transaction synchronization for SqlSession [org.apache.ibatis.session.defaults.DefaultSqlSession@6105f8a3] [Registering transaction synchronization for SqlSession [org.apache.ibatis.session.defaults.DefaultSqlSession@6105f8a3]] Logger.java  org.mybatis.logging.Logger.debug(Logger.java:49) 
[main][2023/03/16 10:42:25218] JDBC Connection [com.mysql.cj.jdbc.ConnectionImpl@e362c57] will be managed by Spring [JDBC Connection [com.mysql.cj.jdbc.ConnectionImpl@e362c57] will be managed by Spring] Logger.java  org.mybatis.logging.Logger.debug(Logger.java:49) 
[main][2023/03/16 10:42:25222] ==>  Preparing: insert into MyBatis.user(User_id, User_name, User_password, Dep_id, Creation_time, Updated_by, Update_time) values (?,?,?,?,?,?,?) [==>  Preparing: insert into MyBatis.user(User_id, User_name, User_password, Dep_id, Creation_time, Updated_by, Update_time) values (?,?,?,?,?,?,?)] BaseJdbcLogger.java  org.apache.ibatis.logging.jdbc.BaseJdbcLogger.debug(BaseJdbcLogger.java:135) 
[main][2023/03/16 10:42:25241] ==> Parameters: 1001(Integer), 周先生(String), 123(String), 2(Integer), 2023-03-16 10:42:25.209(Timestamp), null, null [==> Parameters: 1001(Integer), 周先生(String), 123(String), 2(Integer), 2023-03-16 10:42:25.209(Timestamp), null, null] BaseJdbcLogger.java  org.apache.ibatis.logging.jdbc.BaseJdbcLogger.debug(BaseJdbcLogger.java:135) 
[main][2023/03/16 10:42:25248] <==    Updates: 1 [<==    Updates: 1] BaseJdbcLogger.java  org.apache.ibatis.logging.jdbc.BaseJdbcLogger.debug(BaseJdbcLogger.java:135) 
[main][2023/03/16 10:42:25249] Releasing transactional SqlSession [org.apache.ibatis.session.defaults.DefaultSqlSession@6105f8a3] [Releasing transactional SqlSession [org.apache.ibatis.session.defaults.DefaultSqlSession@6105f8a3]] Logger.java  org.mybatis.logging.Logger.debug(Logger.java:49) 
[main][2023/03/16 10:42:25249] Fetched SqlSession [org.apache.ibatis.session.defaults.DefaultSqlSession@6105f8a3] from current transaction [Fetched SqlSession [org.apache.ibatis.session.defaults.DefaultSqlSession@6105f8a3] from current transaction] Logger.java  org.mybatis.logging.Logger.debug(Logger.java:49) 
[main][2023/03/16 10:42:25249] ==>  Preparing: delete from MyBatis.user where User_id=? [==>  Preparing: delete from MyBatis.user where User_id=?] BaseJdbcLogger.java  org.apache.ibatis.logging.jdbc.BaseJdbcLogger.debug(BaseJdbcLogger.java:135) 
[main][2023/03/16 10:42:25250] ==> Parameters: 1001(Integer) [==> Parameters: 1001(Integer)] BaseJdbcLogger.java  org.apache.ibatis.logging.jdbc.BaseJdbcLogger.debug(BaseJdbcLogger.java:135) 
[main][2023/03/16 10:42:25251] <==    Updates: 1 [<==    Updates: 1] BaseJdbcLogger.java  org.apache.ibatis.logging.jdbc.BaseJdbcLogger.debug(BaseJdbcLogger.java:135) 
[main][2023/03/16 10:42:25251] Releasing transactional SqlSession [org.apache.ibatis.session.defaults.DefaultSqlSession@6105f8a3] [Releasing transactional SqlSession [org.apache.ibatis.session.defaults.DefaultSqlSession@6105f8a3]] Logger.java  org.mybatis.logging.Logger.debug(Logger.java:49) 
[main][2023/03/16 10:42:25251] Fetched SqlSession [org.apache.ibatis.session.defaults.DefaultSqlSession@6105f8a3] from current transaction [Fetched SqlSession [org.apache.ibatis.session.defaults.DefaultSqlSession@6105f8a3] from current transaction] Logger.java  org.mybatis.logging.Logger.debug(Logger.java:49) 
[main][2023/03/16 10:42:25251] ==>  Preparing: insert into MyBatis.user(User_id, User_name, User_password, Dep_id, Creation_time, Updated_by, Update_time) values (?,?,?,?,?,?,?) [==>  Preparing: insert into MyBatis.user(User_id, User_name, User_password, Dep_id, Creation_time, Updated_by, Update_time) values (?,?,?,?,?,?,?)] BaseJdbcLogger.java  org.apache.ibatis.logging.jdbc.BaseJdbcLogger.debug(BaseJdbcLogger.java:135) 
[main][2023/03/16 10:42:25252] ==> Parameters: 1001(Integer), 周先生(String), 123(String), 2(Integer), 2023-03-16 10:42:25.108(Timestamp), null, null [==> Parameters: 1001(Integer), 周先生(String), 123(String), 2(Integer), 2023-03-16 10:42:25.108(Timestamp), null, null] BaseJdbcLogger.java  org.apache.ibatis.logging.jdbc.BaseJdbcLogger.debug(BaseJdbcLogger.java:135) 
[main][2023/03/16 10:42:25254] <==    Updates: 1 [<==    Updates: 1] BaseJdbcLogger.java  org.apache.ibatis.logging.jdbc.BaseJdbcLogger.debug(BaseJdbcLogger.java:135) 
[main][2023/03/16 10:42:25254] Releasing transactional SqlSession [org.apache.ibatis.session.defaults.DefaultSqlSession@6105f8a3] [Releasing transactional SqlSession [org.apache.ibatis.session.defaults.DefaultSqlSession@6105f8a3]] Logger.java  org.mybatis.logging.Logger.debug(Logger.java:49) 
[main][2023/03/16 10:42:25255] Transaction synchronization committing SqlSession [org.apache.ibatis.session.defaults.DefaultSqlSession@6105f8a3] [Transaction synchronization committing SqlSession [org.apache.ibatis.session.defaults.DefaultSqlSession@6105f8a3]] Logger.java  org.mybatis.logging.Logger.debug(Logger.java:49) 
[main][2023/03/16 10:42:25256] Transaction synchronization deregistering SqlSession [org.apache.ibatis.session.defaults.DefaultSqlSession@6105f8a3] [Transaction synchronization deregistering SqlSession [org.apache.ibatis.session.defaults.DefaultSqlSession@6105f8a3]] Logger.java  org.mybatis.logging.Logger.debug(Logger.java:49) 
[main][2023/03/16 10:42:25256] Transaction synchronization closing SqlSession [org.apache.ibatis.session.defaults.DefaultSqlSession@6105f8a3] [Transaction synchronization closing SqlSession [org.apache.ibatis.session.defaults.DefaultSqlSession@6105f8a3]] Logger.java  org.mybatis.logging.Logger.debug(Logger.java:49) 
[main][2023/03/16 10:43:49874] Logging initialized using 'class org.apache.ibatis.logging.log4j.Log4jImpl' adapter. [Logging initialized using 'class org.apache.ibatis.logging.log4j.Log4jImpl' adapter.] LogFactory.java  org.apache.ibatis.logging.LogFactory.setImplementation(LogFactory.java:109) 
[main][2023/03/16 10:43:5084 ] Creating a new SqlSession [Creating a new SqlSession] Logger.java  org.mybatis.logging.Logger.debug(Logger.java:49) 
[main][2023/03/16 10:43:5087 ] Registering transaction synchronization for SqlSession [org.apache.ibatis.session.defaults.DefaultSqlSession@6105f8a3] [Registering transaction synchronization for SqlSession [org.apache.ibatis.session.defaults.DefaultSqlSession@6105f8a3]] Logger.java  org.mybatis.logging.Logger.debug(Logger.java:49) 
[main][2023/03/16 10:43:5090 ] JDBC Connection [com.mysql.cj.jdbc.ConnectionImpl@e362c57] will be managed by Spring [JDBC Connection [com.mysql.cj.jdbc.ConnectionImpl@e362c57] will be managed by Spring] Logger.java  org.mybatis.logging.Logger.debug(Logger.java:49) 
[main][2023/03/16 10:43:5095 ] ==>  Preparing: insert into MyBatis.user(User_id, User_name, User_password, Dep_id, Creation_time, Updated_by, Update_time) values (?,?,?,?,?,?,?) [==>  Preparing: insert into MyBatis.user(User_id, User_name, User_password, Dep_id, Creation_time, Updated_by, Update_time) values (?,?,?,?,?,?,?)] BaseJdbcLogger.java  org.apache.ibatis.logging.jdbc.BaseJdbcLogger.debug(BaseJdbcLogger.java:135) 
[main][2023/03/16 10:43:50115] ==> Parameters: 1001(Integer), 周先生(String), 123(String), 0(Integer), 2023-03-16 10:43:50.082(Timestamp), null, null [==> Parameters: 1001(Integer), 周先生(String), 123(String), 0(Integer), 2023-03-16 10:43:50.082(Timestamp), null, null] BaseJdbcLogger.java  org.apache.ibatis.logging.jdbc.BaseJdbcLogger.debug(BaseJdbcLogger.java:135) 
[main][2023/03/16 10:43:50121] <==    Updates: 1 [<==    Updates: 1] BaseJdbcLogger.java  org.apache.ibatis.logging.jdbc.BaseJdbcLogger.debug(BaseJdbcLogger.java:135) 
[main][2023/03/16 10:43:50122] Releasing transactional SqlSession [org.apache.ibatis.session.defaults.DefaultSqlSession@6105f8a3] [Releasing transactional SqlSession [org.apache.ibatis.session.defaults.DefaultSqlSession@6105f8a3]] Logger.java  org.mybatis.logging.Logger.debug(Logger.java:49) 
[main][2023/03/16 10:43:50122] Fetched SqlSession [org.apache.ibatis.session.defaults.DefaultSqlSession@6105f8a3] from current transaction [Fetched SqlSession [org.apache.ibatis.session.defaults.DefaultSqlSession@6105f8a3] from current transaction] Logger.java  org.mybatis.logging.Logger.debug(Logger.java:49) 
[main][2023/03/16 10:43:50123] ==>  Preparing: delete from MyBatis.user where User_id=? [==>  Preparing: delete from MyBatis.user where User_id=?] BaseJdbcLogger.java  org.apache.ibatis.logging.jdbc.BaseJdbcLogger.debug(BaseJdbcLogger.java:135) 
[main][2023/03/16 10:43:50123] ==> Parameters: 1001(Integer) [==> Parameters: 1001(Integer)] BaseJdbcLogger.java  org.apache.ibatis.logging.jdbc.BaseJdbcLogger.debug(BaseJdbcLogger.java:135) 
[main][2023/03/16 10:43:50124] <==    Updates: 1 [<==    Updates: 1] BaseJdbcLogger.java  org.apache.ibatis.logging.jdbc.BaseJdbcLogger.debug(BaseJdbcLogger.java:135) 
[main][2023/03/16 10:43:50124] Releasing transactional SqlSession [org.apache.ibatis.session.defaults.DefaultSqlSession@6105f8a3] [Releasing transactional SqlSession [org.apache.ibatis.session.defaults.DefaultSqlSession@6105f8a3]] Logger.java  org.mybatis.logging.Logger.debug(Logger.java:49) 
[main][2023/03/16 10:43:50124] Fetched SqlSession [org.apache.ibatis.session.defaults.DefaultSqlSession@6105f8a3] from current transaction [Fetched SqlSession [org.apache.ibatis.session.defaults.DefaultSqlSession@6105f8a3] from current transaction] Logger.java  org.mybatis.logging.Logger.debug(Logger.java:49) 
[main][2023/03/16 10:43:50124] ==>  Preparing: insert into MyBatis.user(User_id, User_name, User_password, Dep_id, Creation_time, Updated_by, Update_time) values (?,?,?,?,?,?,?) [==>  Preparing: insert into MyBatis.user(User_id, User_name, User_password, Dep_id, Creation_time, Updated_by, Update_time) values (?,?,?,?,?,?,?)] BaseJdbcLogger.java  org.apache.ibatis.logging.jdbc.BaseJdbcLogger.debug(BaseJdbcLogger.java:135) 
[main][2023/03/16 10:43:50125] ==> Parameters: 1001(Integer), 周先生(String), 123(String), 0(Integer), 2023-03-16 10:43:49.973(Timestamp), null, null [==> Parameters: 1001(Integer), 周先生(String), 123(String), 0(Integer), 2023-03-16 10:43:49.973(Timestamp), null, null] BaseJdbcLogger.java  org.apache.ibatis.logging.jdbc.BaseJdbcLogger.debug(BaseJdbcLogger.java:135) 
[main][2023/03/16 10:43:50127] <==    Updates: 1 [<==    Updates: 1] BaseJdbcLogger.java  org.apache.ibatis.logging.jdbc.BaseJdbcLogger.debug(BaseJdbcLogger.java:135) 
[main][2023/03/16 10:43:50127] Releasing transactional SqlSession [org.apache.ibatis.session.defaults.DefaultSqlSession@6105f8a3] [Releasing transactional SqlSession [org.apache.ibatis.session.defaults.DefaultSqlSession@6105f8a3]] Logger.java  org.mybatis.logging.Logger.debug(Logger.java:49) 
[main][2023/03/16 10:43:50128] Transaction synchronization committing SqlSession [org.apache.ibatis.session.defaults.DefaultSqlSession@6105f8a3] [Transaction synchronization committing SqlSession [org.apache.ibatis.session.defaults.DefaultSqlSession@6105f8a3]] Logger.java  org.mybatis.logging.Logger.debug(Logger.java:49) 
[main][2023/03/16 10:43:50129] Transaction synchronization deregistering SqlSession [org.apache.ibatis.session.defaults.DefaultSqlSession@6105f8a3] [Transaction synchronization deregistering SqlSession [org.apache.ibatis.session.defaults.DefaultSqlSession@6105f8a3]] Logger.java  org.mybatis.logging.Logger.debug(Logger.java:49) 
[main][2023/03/16 10:43:50129] Transaction synchronization closing SqlSession [org.apache.ibatis.session.defaults.DefaultSqlSession@6105f8a3] [Transaction synchronization closing SqlSession [org.apache.ibatis.session.defaults.DefaultSqlSession@6105f8a3]] Logger.java  org.mybatis.logging.Logger.debug(Logger.java:49) 
[main][2023/03/16 10:44:19483] Logging initialized using 'class org.apache.ibatis.logging.log4j.Log4jImpl' adapter. [Logging initialized using 'class org.apache.ibatis.logging.log4j.Log4jImpl' adapter.] LogFactory.java  org.apache.ibatis.logging.LogFactory.setImplementation(LogFactory.java:109) 
[main][2023/03/16 10:44:19691] Creating a new SqlSession [Creating a new SqlSession] Logger.java  org.mybatis.logging.Logger.debug(Logger.java:49) 
[main][2023/03/16 10:44:19694] Registering transaction synchronization for SqlSession [org.apache.ibatis.session.defaults.DefaultSqlSession@6105f8a3] [Registering transaction synchronization for SqlSession [org.apache.ibatis.session.defaults.DefaultSqlSession@6105f8a3]] Logger.java  org.mybatis.logging.Logger.debug(Logger.java:49) 
[main][2023/03/16 10:44:19697] JDBC Connection [com.mysql.cj.jdbc.ConnectionImpl@e362c57] will be managed by Spring [JDBC Connection [com.mysql.cj.jdbc.ConnectionImpl@e362c57] will be managed by Spring] Logger.java  org.mybatis.logging.Logger.debug(Logger.java:49) 
[main][2023/03/16 10:44:19702] ==>  Preparing: insert into MyBatis.user(User_id, User_name, User_password, Dep_id, Creation_time, Updated_by, Update_time) values (?,?,?,?,?,?,?) [==>  Preparing: insert into MyBatis.user(User_id, User_name, User_password, Dep_id, Creation_time, Updated_by, Update_time) values (?,?,?,?,?,?,?)] BaseJdbcLogger.java  org.apache.ibatis.logging.jdbc.BaseJdbcLogger.debug(BaseJdbcLogger.java:135) 
[main][2023/03/16 10:44:19724] ==> Parameters: 1001(Integer), 周先生(String), 123(String), 2(Integer), 2023-03-16 10:44:19.688(Timestamp), null, null [==> Parameters: 1001(Integer), 周先生(String), 123(String), 2(Integer), 2023-03-16 10:44:19.688(Timestamp), null, null] BaseJdbcLogger.java  org.apache.ibatis.logging.jdbc.BaseJdbcLogger.debug(BaseJdbcLogger.java:135) 
[main][2023/03/16 10:44:19731] <==    Updates: 1 [<==    Updates: 1] BaseJdbcLogger.java  org.apache.ibatis.logging.jdbc.BaseJdbcLogger.debug(BaseJdbcLogger.java:135) 
[main][2023/03/16 10:44:19732] Releasing transactional SqlSession [org.apache.ibatis.session.defaults.DefaultSqlSession@6105f8a3] [Releasing transactional SqlSession [org.apache.ibatis.session.defaults.DefaultSqlSession@6105f8a3]] Logger.java  org.mybatis.logging.Logger.debug(Logger.java:49) 
[main][2023/03/16 10:44:19732] Fetched SqlSession [org.apache.ibatis.session.defaults.DefaultSqlSession@6105f8a3] from current transaction [Fetched SqlSession [org.apache.ibatis.session.defaults.DefaultSqlSession@6105f8a3] from current transaction] Logger.java  org.mybatis.logging.Logger.debug(Logger.java:49) 
[main][2023/03/16 10:44:19732] ==>  Preparing: delete from MyBatis.user where User_id=? [==>  Preparing: delete from MyBatis.user where User_id=?] BaseJdbcLogger.java  org.apache.ibatis.logging.jdbc.BaseJdbcLogger.debug(BaseJdbcLogger.java:135) 
[main][2023/03/16 10:44:19733] ==> Parameters: 1001(Integer) [==> Parameters: 1001(Integer)] BaseJdbcLogger.java  org.apache.ibatis.logging.jdbc.BaseJdbcLogger.debug(BaseJdbcLogger.java:135) 
[main][2023/03/16 10:44:19733] <==    Updates: 1 [<==    Updates: 1] BaseJdbcLogger.java  org.apache.ibatis.logging.jdbc.BaseJdbcLogger.debug(BaseJdbcLogger.java:135) 
[main][2023/03/16 10:44:19734] Releasing transactional SqlSession [org.apache.ibatis.session.defaults.DefaultSqlSession@6105f8a3] [Releasing transactional SqlSession [org.apache.ibatis.session.defaults.DefaultSqlSession@6105f8a3]] Logger.java  org.mybatis.logging.Logger.debug(Logger.java:49) 
[main][2023/03/16 10:44:19734] Fetched SqlSession [org.apache.ibatis.session.defaults.DefaultSqlSession@6105f8a3] from current transaction [Fetched SqlSession [org.apache.ibatis.session.defaults.DefaultSqlSession@6105f8a3] from current transaction] Logger.java  org.mybatis.logging.Logger.debug(Logger.java:49) 
[main][2023/03/16 10:44:19734] ==>  Preparing: insert into MyBatis.user(User_id, User_name, User_password, Dep_id, Creation_time, Updated_by, Update_time) values (?,?,?,?,?,?,?) [==>  Preparing: insert into MyBatis.user(User_id, User_name, User_password, Dep_id, Creation_time, Updated_by, Update_time) values (?,?,?,?,?,?,?)] BaseJdbcLogger.java  org.apache.ibatis.logging.jdbc.BaseJdbcLogger.debug(BaseJdbcLogger.java:135) 
[main][2023/03/16 10:44:19735] ==> Parameters: 1002(Integer), 周先生(String), 123(String), 1(Integer), 2023-03-16 10:44:19.576(Timestamp), null, null [==> Parameters: 1002(Integer), 周先生(String), 123(String), 1(Integer), 2023-03-16 10:44:19.576(Timestamp), null, null] BaseJdbcLogger.java  org.apache.ibatis.logging.jdbc.BaseJdbcLogger.debug(BaseJdbcLogger.java:135) 
[main][2023/03/16 10:44:19737] <==    Updates: 1 [<==    Updates: 1] BaseJdbcLogger.java  org.apache.ibatis.logging.jdbc.BaseJdbcLogger.debug(BaseJdbcLogger.java:135) 
[main][2023/03/16 10:44:19737] Releasing transactional SqlSession [org.apache.ibatis.session.defaults.DefaultSqlSession@6105f8a3] [Releasing transactional SqlSession [org.apache.ibatis.session.defaults.DefaultSqlSession@6105f8a3]] Logger.java  org.mybatis.logging.Logger.debug(Logger.java:49) 
[main][2023/03/16 10:44:19738] Transaction synchronization committing SqlSession [org.apache.ibatis.session.defaults.DefaultSqlSession@6105f8a3] [Transaction synchronization committing SqlSession [org.apache.ibatis.session.defaults.DefaultSqlSession@6105f8a3]] Logger.java  org.mybatis.logging.Logger.debug(Logger.java:49) 
[main][2023/03/16 10:44:19738] Transaction synchronization deregistering SqlSession [org.apache.ibatis.session.defaults.DefaultSqlSession@6105f8a3] [Transaction synchronization deregistering SqlSession [org.apache.ibatis.session.defaults.DefaultSqlSession@6105f8a3]] Logger.java  org.mybatis.logging.Logger.debug(Logger.java:49) 
[main][2023/03/16 10:44:19739] Transaction synchronization closing SqlSession [org.apache.ibatis.session.defaults.DefaultSqlSession@6105f8a3] [Transaction synchronization closing SqlSession [org.apache.ibatis.session.defaults.DefaultSqlSession@6105f8a3]] Logger.java  org.mybatis.logging.Logger.debug(Logger.java:49) 
[main][2023/03/16 10:45:28489] Logging initialized using 'class org.apache.ibatis.logging.log4j.Log4jImpl' adapter. [Logging initialized using 'class org.apache.ibatis.logging.log4j.Log4jImpl' adapter.] LogFactory.java  org.apache.ibatis.logging.LogFactory.setImplementation(LogFactory.java:109) 
[main][2023/03/16 10:45:28680] Creating a new SqlSession [Creating a new SqlSession] Logger.java  org.mybatis.logging.Logger.debug(Logger.java:49) 
[main][2023/03/16 10:45:28683] Registering transaction synchronization for SqlSession [org.apache.ibatis.session.defaults.DefaultSqlSession@6105f8a3] [Registering transaction synchronization for SqlSession [org.apache.ibatis.session.defaults.DefaultSqlSession@6105f8a3]] Logger.java  org.mybatis.logging.Logger.debug(Logger.java:49) 
[main][2023/03/16 10:45:28686] JDBC Connection [com.mysql.cj.jdbc.ConnectionImpl@10567255] will be managed by Spring [JDBC Connection [com.mysql.cj.jdbc.ConnectionImpl@10567255] will be managed by Spring] Logger.java  org.mybatis.logging.Logger.debug(Logger.java:49) 
[main][2023/03/16 10:45:28691] ==>  Preparing: insert into MyBatis.user(User_id, User_name, User_password, Dep_id, Creation_time, Updated_by, Update_time) values (?,?,?,?,?,?,?) [==>  Preparing: insert into MyBatis.user(User_id, User_name, User_password, Dep_id, Creation_time, Updated_by, Update_time) values (?,?,?,?,?,?,?)] BaseJdbcLogger.java  org.apache.ibatis.logging.jdbc.BaseJdbcLogger.debug(BaseJdbcLogger.java:135) 
[main][2023/03/16 10:45:28710] ==> Parameters: 1001(Integer), 周先生(String), 123(String), 0(Integer), 2023-03-16 10:45:28.678(Timestamp), null, null [==> Parameters: 1001(Integer), 周先生(String), 123(String), 0(Integer), 2023-03-16 10:45:28.678(Timestamp), null, null] BaseJdbcLogger.java  org.apache.ibatis.logging.jdbc.BaseJdbcLogger.debug(BaseJdbcLogger.java:135) 
[main][2023/03/16 10:45:28716] <==    Updates: 1 [<==    Updates: 1] BaseJdbcLogger.java  org.apache.ibatis.logging.jdbc.BaseJdbcLogger.debug(BaseJdbcLogger.java:135) 
[main][2023/03/16 10:45:28716] Releasing transactional SqlSession [org.apache.ibatis.session.defaults.DefaultSqlSession@6105f8a3] [Releasing transactional SqlSession [org.apache.ibatis.session.defaults.DefaultSqlSession@6105f8a3]] Logger.java  org.mybatis.logging.Logger.debug(Logger.java:49) 
[main][2023/03/16 10:45:28717] Fetched SqlSession [org.apache.ibatis.session.defaults.DefaultSqlSession@6105f8a3] from current transaction [Fetched SqlSession [org.apache.ibatis.session.defaults.DefaultSqlSession@6105f8a3] from current transaction] Logger.java  org.mybatis.logging.Logger.debug(Logger.java:49) 
[main][2023/03/16 10:45:28717] ==>  Preparing: delete from MyBatis.user where User_id=? [==>  Preparing: delete from MyBatis.user where User_id=?] BaseJdbcLogger.java  org.apache.ibatis.logging.jdbc.BaseJdbcLogger.debug(BaseJdbcLogger.java:135) 
[main][2023/03/16 10:45:28717] ==> Parameters: 1001(Integer) [==> Parameters: 1001(Integer)] BaseJdbcLogger.java  org.apache.ibatis.logging.jdbc.BaseJdbcLogger.debug(BaseJdbcLogger.java:135) 
[main][2023/03/16 10:45:28718] <==    Updates: 1 [<==    Updates: 1] BaseJdbcLogger.java  org.apache.ibatis.logging.jdbc.BaseJdbcLogger.debug(BaseJdbcLogger.java:135) 
[main][2023/03/16 10:45:28718] Releasing transactional SqlSession [org.apache.ibatis.session.defaults.DefaultSqlSession@6105f8a3] [Releasing transactional SqlSession [org.apache.ibatis.session.defaults.DefaultSqlSession@6105f8a3]] Logger.java  org.mybatis.logging.Logger.debug(Logger.java:49) 
[main][2023/03/16 10:45:28719] Fetched SqlSession [org.apache.ibatis.session.defaults.DefaultSqlSession@6105f8a3] from current transaction [Fetched SqlSession [org.apache.ibatis.session.defaults.DefaultSqlSession@6105f8a3] from current transaction] Logger.java  org.mybatis.logging.Logger.debug(Logger.java:49) 
[main][2023/03/16 10:45:28719] ==>  Preparing: insert into MyBatis.user(User_id, User_name, User_password, Dep_id, Creation_time, Updated_by, Update_time) values (?,?,?,?,?,?,?) [==>  Preparing: insert into MyBatis.user(User_id, User_name, User_password, Dep_id, Creation_time, Updated_by, Update_time) values (?,?,?,?,?,?,?)] BaseJdbcLogger.java  org.apache.ibatis.logging.jdbc.BaseJdbcLogger.debug(BaseJdbcLogger.java:135) 
[main][2023/03/16 10:45:28719] ==> Parameters: null, null, null, null, null, null, null [==> Parameters: null, null, null, null, null, null, null] BaseJdbcLogger.java  org.apache.ibatis.logging.jdbc.BaseJdbcLogger.debug(BaseJdbcLogger.java:135) 
[main][2023/03/16 10:45:28728] Releasing transactional SqlSession [org.apache.ibatis.session.defaults.DefaultSqlSession@6105f8a3] [Releasing transactional SqlSession [org.apache.ibatis.session.defaults.DefaultSqlSession@6105f8a3]] Logger.java  org.mybatis.logging.Logger.debug(Logger.java:49) 
[main][2023/03/16 10:45:28752] Transaction synchronization deregistering SqlSession [org.apache.ibatis.session.defaults.DefaultSqlSession@6105f8a3] [Transaction synchronization deregistering SqlSession [org.apache.ibatis.session.defaults.DefaultSqlSession@6105f8a3]] Logger.java  org.mybatis.logging.Logger.debug(Logger.java:49) 
[main][2023/03/16 10:45:28753] Transaction synchronization closing SqlSession [org.apache.ibatis.session.defaults.DefaultSqlSession@6105f8a3] [Transaction synchronization closing SqlSession [org.apache.ibatis.session.defaults.DefaultSqlSession@6105f8a3]] Logger.java  org.mybatis.logging.Logger.debug(Logger.java:49) 
[main][2023/03/16 10:46:07423] Logging initialized using 'class org.apache.ibatis.logging.log4j.Log4jImpl' adapter. [Logging initialized using 'class org.apache.ibatis.logging.log4j.Log4jImpl' adapter.] LogFactory.java  org.apache.ibatis.logging.LogFactory.setImplementation(LogFactory.java:109) 
[main][2023/03/16 10:46:07620] Creating a new SqlSession [Creating a new SqlSession] Logger.java  org.mybatis.logging.Logger.debug(Logger.java:49) 
[main][2023/03/16 10:46:07622] Registering transaction synchronization for SqlSession [org.apache.ibatis.session.defaults.DefaultSqlSession@6105f8a3] [Registering transaction synchronization for SqlSession [org.apache.ibatis.session.defaults.DefaultSqlSession@6105f8a3]] Logger.java  org.mybatis.logging.Logger.debug(Logger.java:49) 
[main][2023/03/16 10:46:07625] JDBC Connection [com.mysql.cj.jdbc.ConnectionImpl@10567255] will be managed by Spring [JDBC Connection [com.mysql.cj.jdbc.ConnectionImpl@10567255] will be managed by Spring] Logger.java  org.mybatis.logging.Logger.debug(Logger.java:49) 
[main][2023/03/16 10:46:07630] ==>  Preparing: insert into MyBatis.user(User_id, User_name, User_password, Dep_id, Creation_time, Updated_by, Update_time) values (?,?,?,?,?,?,?) [==>  Preparing: insert into MyBatis.user(User_id, User_name, User_password, Dep_id, Creation_time, Updated_by, Update_time) values (?,?,?,?,?,?,?)] BaseJdbcLogger.java  org.apache.ibatis.logging.jdbc.BaseJdbcLogger.debug(BaseJdbcLogger.java:135) 
[main][2023/03/16 10:46:07650] ==> Parameters: 1001(Integer), 周先生(String), 123(String), 1(Integer), 2023-03-16 10:46:07.617(Timestamp), null, null [==> Parameters: 1001(Integer), 周先生(String), 123(String), 1(Integer), 2023-03-16 10:46:07.617(Timestamp), null, null] BaseJdbcLogger.java  org.apache.ibatis.logging.jdbc.BaseJdbcLogger.debug(BaseJdbcLogger.java:135) 
[main][2023/03/16 10:46:07656] <==    Updates: 1 [<==    Updates: 1] BaseJdbcLogger.java  org.apache.ibatis.logging.jdbc.BaseJdbcLogger.debug(BaseJdbcLogger.java:135) 
[main][2023/03/16 10:46:07657] Releasing transactional SqlSession [org.apache.ibatis.session.defaults.DefaultSqlSession@6105f8a3] [Releasing transactional SqlSession [org.apache.ibatis.session.defaults.DefaultSqlSession@6105f8a3]] Logger.java  org.mybatis.logging.Logger.debug(Logger.java:49) 
[main][2023/03/16 10:46:07657] Fetched SqlSession [org.apache.ibatis.session.defaults.DefaultSqlSession@6105f8a3] from current transaction [Fetched SqlSession [org.apache.ibatis.session.defaults.DefaultSqlSession@6105f8a3] from current transaction] Logger.java  org.mybatis.logging.Logger.debug(Logger.java:49) 
[main][2023/03/16 10:46:07658] ==>  Preparing: delete from MyBatis.user where User_id=? [==>  Preparing: delete from MyBatis.user where User_id=?] BaseJdbcLogger.java  org.apache.ibatis.logging.jdbc.BaseJdbcLogger.debug(BaseJdbcLogger.java:135) 
[main][2023/03/16 10:46:07658] ==> Parameters: 1001(Integer) [==> Parameters: 1001(Integer)] BaseJdbcLogger.java  org.apache.ibatis.logging.jdbc.BaseJdbcLogger.debug(BaseJdbcLogger.java:135) 
[main][2023/03/16 10:46:07659] <==    Updates: 1 [<==    Updates: 1] BaseJdbcLogger.java  org.apache.ibatis.logging.jdbc.BaseJdbcLogger.debug(BaseJdbcLogger.java:135) 
[main][2023/03/16 10:46:07660] Releasing transactional SqlSession [org.apache.ibatis.session.defaults.DefaultSqlSession@6105f8a3] [Releasing transactional SqlSession [org.apache.ibatis.session.defaults.DefaultSqlSession@6105f8a3]] Logger.java  org.mybatis.logging.Logger.debug(Logger.java:49) 
[main][2023/03/16 10:46:07660] Transaction synchronization committing SqlSession [org.apache.ibatis.session.defaults.DefaultSqlSession@6105f8a3] [Transaction synchronization committing SqlSession [org.apache.ibatis.session.defaults.DefaultSqlSession@6105f8a3]] Logger.java  org.mybatis.logging.Logger.debug(Logger.java:49) 
[main][2023/03/16 10:46:07661] Transaction synchronization deregistering SqlSession [org.apache.ibatis.session.defaults.DefaultSqlSession@6105f8a3] [Transaction synchronization deregistering SqlSession [org.apache.ibatis.session.defaults.DefaultSqlSession@6105f8a3]] Logger.java  org.mybatis.logging.Logger.debug(Logger.java:49) 
[main][2023/03/16 10:46:07661] Transaction synchronization closing SqlSession [org.apache.ibatis.session.defaults.DefaultSqlSession@6105f8a3] [Transaction synchronization closing SqlSession [org.apache.ibatis.session.defaults.DefaultSqlSession@6105f8a3]] Logger.java  org.mybatis.logging.Logger.debug(Logger.java:49) 
[main][2023/03/16 10:46:33482] Logging initialized using 'class org.apache.ibatis.logging.log4j.Log4jImpl' adapter. [Logging initialized using 'class org.apache.ibatis.logging.log4j.Log4jImpl' adapter.] LogFactory.java  org.apache.ibatis.logging.LogFactory.setImplementation(LogFactory.java:109) 
[main][2023/03/16 10:46:33680] Creating a new SqlSession [Creating a new SqlSession] Logger.java  org.mybatis.logging.Logger.debug(Logger.java:49) 
[main][2023/03/16 10:46:33682] Registering transaction synchronization for SqlSession [org.apache.ibatis.session.defaults.DefaultSqlSession@6105f8a3] [Registering transaction synchronization for SqlSession [org.apache.ibatis.session.defaults.DefaultSqlSession@6105f8a3]] Logger.java  org.mybatis.logging.Logger.debug(Logger.java:49) 
[main][2023/03/16 10:46:33685] JDBC Connection [com.mysql.cj.jdbc.ConnectionImpl@10567255] will be managed by Spring [JDBC Connection [com.mysql.cj.jdbc.ConnectionImpl@10567255] will be managed by Spring] Logger.java  org.mybatis.logging.Logger.debug(Logger.java:49) 
[main][2023/03/16 10:46:33690] ==>  Preparing: insert into MyBatis.user(User_id, User_name, User_password, Dep_id, Creation_time, Updated_by, Update_time) values (?,?,?,?,?,?,?) [==>  Preparing: insert into MyBatis.user(User_id, User_name, User_password, Dep_id, Creation_time, Updated_by, Update_time) values (?,?,?,?,?,?,?)] BaseJdbcLogger.java  org.apache.ibatis.logging.jdbc.BaseJdbcLogger.debug(BaseJdbcLogger.java:135) 
[main][2023/03/16 10:46:33710] ==> Parameters: 1001(Integer), 周先生(String), 123(String), 1(Integer), 2023-03-16 10:46:33.677(Timestamp), null, null [==> Parameters: 1001(Integer), 周先生(String), 123(String), 1(Integer), 2023-03-16 10:46:33.677(Timestamp), null, null] BaseJdbcLogger.java  org.apache.ibatis.logging.jdbc.BaseJdbcLogger.debug(BaseJdbcLogger.java:135) 
[main][2023/03/16 10:46:33716] <==    Updates: 1 [<==    Updates: 1] BaseJdbcLogger.java  org.apache.ibatis.logging.jdbc.BaseJdbcLogger.debug(BaseJdbcLogger.java:135) 
[main][2023/03/16 10:46:33717] Releasing transactional SqlSession [org.apache.ibatis.session.defaults.DefaultSqlSession@6105f8a3] [Releasing transactional SqlSession [org.apache.ibatis.session.defaults.DefaultSqlSession@6105f8a3]] Logger.java  org.mybatis.logging.Logger.debug(Logger.java:49) 
[main][2023/03/16 10:46:33718] Fetched SqlSession [org.apache.ibatis.session.defaults.DefaultSqlSession@6105f8a3] from current transaction [Fetched SqlSession [org.apache.ibatis.session.defaults.DefaultSqlSession@6105f8a3] from current transaction] Logger.java  org.mybatis.logging.Logger.debug(Logger.java:49) 
[main][2023/03/16 10:46:33718] ==>  Preparing: delete0 from MyBatis.user where User_id=? [==>  Preparing: delete0 from MyBatis.user where User_id=?] BaseJdbcLogger.java  org.apache.ibatis.logging.jdbc.BaseJdbcLogger.debug(BaseJdbcLogger.java:135) 
[main][2023/03/16 10:46:33718] ==> Parameters: 1001(Integer) [==> Parameters: 1001(Integer)] BaseJdbcLogger.java  org.apache.ibatis.logging.jdbc.BaseJdbcLogger.debug(BaseJdbcLogger.java:135) 
[main][2023/03/16 10:46:33725] Releasing transactional SqlSession [org.apache.ibatis.session.defaults.DefaultSqlSession@6105f8a3] [Releasing transactional SqlSession [org.apache.ibatis.session.defaults.DefaultSqlSession@6105f8a3]] Logger.java  org.mybatis.logging.Logger.debug(Logger.java:49) 
[main][2023/03/16 10:46:33753] Transaction synchronization deregistering SqlSession [org.apache.ibatis.session.defaults.DefaultSqlSession@6105f8a3] [Transaction synchronization deregistering SqlSession [org.apache.ibatis.session.defaults.DefaultSqlSession@6105f8a3]] Logger.java  org.mybatis.logging.Logger.debug(Logger.java:49) 
[main][2023/03/16 10:46:33753] Transaction synchronization closing SqlSession [org.apache.ibatis.session.defaults.DefaultSqlSession@6105f8a3] [Transaction synchronization closing SqlSession [org.apache.ibatis.session.defaults.DefaultSqlSession@6105f8a3]] Logger.java  org.mybatis.logging.Logger.debug(Logger.java:49) 
[main][2023/03/16 13:27:41415] Logging initialized using 'class org.apache.ibatis.logging.log4j.Log4jImpl' adapter. [Logging initialized using 'class org.apache.ibatis.logging.log4j.Log4jImpl' adapter.] LogFactory.java  org.apache.ibatis.logging.LogFactory.setImplementation(LogFactory.java:109) 
[main][2023/03/16 13:27:41622] Creating a new SqlSession [Creating a new SqlSession] Logger.java  org.mybatis.logging.Logger.debug(Logger.java:49) 
[main][2023/03/16 13:27:41625] Registering transaction synchronization for SqlSession [org.apache.ibatis.session.defaults.DefaultSqlSession@6105f8a3] [Registering transaction synchronization for SqlSession [org.apache.ibatis.session.defaults.DefaultSqlSession@6105f8a3]] Logger.java  org.mybatis.logging.Logger.debug(Logger.java:49) 
[main][2023/03/16 13:27:41628] JDBC Connection [com.mysql.cj.jdbc.ConnectionImpl@10567255] will be managed by Spring [JDBC Connection [com.mysql.cj.jdbc.ConnectionImpl@10567255] will be managed by Spring] Logger.java  org.mybatis.logging.Logger.debug(Logger.java:49) 
[main][2023/03/16 13:27:41633] ==>  Preparing: insert into MyBatis.user(User_id, User_name, User_password, Dep_id, Creation_time, Updated_by, Update_time) values (?,?,?,?,?,?,?) [==>  Preparing: insert into MyBatis.user(User_id, User_name, User_password, Dep_id, Creation_time, Updated_by, Update_time) values (?,?,?,?,?,?,?)] BaseJdbcLogger.java  org.apache.ibatis.logging.jdbc.BaseJdbcLogger.debug(BaseJdbcLogger.java:135) 
[main][2023/03/16 13:27:41653] ==> Parameters: 1001(Integer), 周先生(String), 123(String), 0(Integer), 2023-03-16 13:27:41.62(Timestamp), null, null [==> Parameters: 1001(Integer), 周先生(String), 123(String), 0(Integer), 2023-03-16 13:27:41.62(Timestamp), null, null] BaseJdbcLogger.java  org.apache.ibatis.logging.jdbc.BaseJdbcLogger.debug(BaseJdbcLogger.java:135) 
[main][2023/03/16 13:27:41660] <==    Updates: 1 [<==    Updates: 1] BaseJdbcLogger.java  org.apache.ibatis.logging.jdbc.BaseJdbcLogger.debug(BaseJdbcLogger.java:135) 
[main][2023/03/16 13:27:41660] Releasing transactional SqlSession [org.apache.ibatis.session.defaults.DefaultSqlSession@6105f8a3] [Releasing transactional SqlSession [org.apache.ibatis.session.defaults.DefaultSqlSession@6105f8a3]] Logger.java  org.mybatis.logging.Logger.debug(Logger.java:49) 
[main][2023/03/16 13:27:51661] Fetched SqlSession [org.apache.ibatis.session.defaults.DefaultSqlSession@6105f8a3] from current transaction [Fetched SqlSession [org.apache.ibatis.session.defaults.DefaultSqlSession@6105f8a3] from current transaction] Logger.java  org.mybatis.logging.Logger.debug(Logger.java:49) 
[main][2023/03/16 13:27:51662] ==>  Preparing: delete from MyBatis.user where User_id=? [==>  Preparing: delete from MyBatis.user where User_id=?] BaseJdbcLogger.java  org.apache.ibatis.logging.jdbc.BaseJdbcLogger.debug(BaseJdbcLogger.java:135) 
[main][2023/03/16 13:27:51662] ==> Parameters: 1001(Integer) [==> Parameters: 1001(Integer)] BaseJdbcLogger.java  org.apache.ibatis.logging.jdbc.BaseJdbcLogger.debug(BaseJdbcLogger.java:135) 
[main][2023/03/16 13:27:51663] <==    Updates: 1 [<==    Updates: 1] BaseJdbcLogger.java  org.apache.ibatis.logging.jdbc.BaseJdbcLogger.debug(BaseJdbcLogger.java:135) 
[main][2023/03/16 13:27:51663] Releasing transactional SqlSession [org.apache.ibatis.session.defaults.DefaultSqlSession@6105f8a3] [Releasing transactional SqlSession [org.apache.ibatis.session.defaults.DefaultSqlSession@6105f8a3]] Logger.java  org.mybatis.logging.Logger.debug(Logger.java:49) 
[main][2023/03/16 13:27:51664] Transaction synchronization committing SqlSession [org.apache.ibatis.session.defaults.DefaultSqlSession@6105f8a3] [Transaction synchronization committing SqlSession [org.apache.ibatis.session.defaults.DefaultSqlSession@6105f8a3]] Logger.java  org.mybatis.logging.Logger.debug(Logger.java:49) 
[main][2023/03/16 13:27:51664] Transaction synchronization deregistering SqlSession [org.apache.ibatis.session.defaults.DefaultSqlSession@6105f8a3] [Transaction synchronization deregistering SqlSession [org.apache.ibatis.session.defaults.DefaultSqlSession@6105f8a3]] Logger.java  org.mybatis.logging.Logger.debug(Logger.java:49) 
[main][2023/03/16 13:27:51664] Transaction synchronization closing SqlSession [org.apache.ibatis.session.defaults.DefaultSqlSession@6105f8a3] [Transaction synchronization closing SqlSession [org.apache.ibatis.session.defaults.DefaultSqlSession@6105f8a3]] Logger.java  org.mybatis.logging.Logger.debug(Logger.java:49) 
